\BOOKMARK [1][-]{titlepage.1}{\376\377\134\001\227\142}{}% 1
\BOOKMARK [1][-]{cabstract.1}{\376\377\144\130\211\201}{}% 2
\BOOKMARK [1][-]{eabstract.1}{\376\377\000A\000b\000s\000t\000r\000a\000c\000t}{}% 3
\BOOKMARK [1][-]{contents.1}{\376\377\166\356\137\125}{}% 4
\BOOKMARK [0][-]{chapter*.6}{\376\377\136\217\212\000}{}% 5
\BOOKMARK [1][-]{section.0.1}{\376\377\201\011\121\262\146\037\166\204\171\321\133\146\170\024\172\166}{chapter*.6}% 6
\BOOKMARK [2][-]{subsection.0.1.1}{\376\377\201\011\121\262\146\037\166\204\176\323\147\204\124\214\162\151\140\001}{section.0.1}% 7
\BOOKMARK [2][-]{subsection.0.1.2}{\376\377\201\011\121\262\146\037\166\204\170\301\134\102\124\214\217\220\134\004\147\072\122\066}{section.0.1}% 8
\BOOKMARK [2][-]{subsection.0.1.3}{\376\377\224\366\154\263\174\373\166\204\176\323\147\204\124\214\146\037\226\105\116\313\215\050\166\204\170\024\172\166}{section.0.1}% 9
\BOOKMARK [2][-]{subsection.0.1.4}{\376\377\137\025\122\233\164\006\213\272\166\204\150\300\232\214}{section.0.1}% 10
\BOOKMARK [2][-]{subsection.0.1.5}{\376\377\143\242\155\113\117\116\230\221\137\025\122\233\154\342\217\220\134\004}{section.0.1}% 11
\BOOKMARK [2][-]{subsection.0.1.6}{\376\377\131\051\117\123\122\233\133\146\124\214\131\051\117\123\155\113\221\317}{section.0.1}% 12
\BOOKMARK [1][-]{section.0.2}{\376\377\201\011\121\262\146\037\166\204\136\224\165\050\170\024\172\166}{chapter*.6}% 13
\BOOKMARK [2][-]{subsection.0.2.1}{\376\377\201\011\121\262\146\037\145\366\225\364\150\007\121\306}{section.0.2}% 14
\BOOKMARK [2][-]{subsection.0.2.2}{\376\377\201\011\121\262\146\037\133\374\202\052}{section.0.2}% 15
\BOOKMARK [1][-]{section.0.3}{\376\377\116\055\126\375\201\011\121\262\146\037\170\024\172\166\166\204\147\052\147\145}{chapter*.6}% 16
\BOOKMARK [0][-]{chapter.1}{\376\377\134\004\165\065\154\342\153\265\166\204\170\024\172\166}{}% 17
\BOOKMARK [1][-]{section.1.1}{\376\377\153\353\171\322\201\011\121\262\146\037\166\204\131\032\154\342\153\265\201\011\121\262\120\117\143\057\217\156\136\323}{chapter.1}% 18
\BOOKMARK [2][-]{subsection.1.1.1}{\376\377\211\302\155\113\145\160\143\156\124\214\145\160\143\156\131\004\164\006}{section.1.1}% 19
\BOOKMARK [2][-]{subsection.1.1.2}{\376\377\131\032\154\342\153\265\201\011\121\262\120\117\143\057\217\156\136\323}{section.1.1}% 20
\BOOKMARK [2][-]{subsection.1.1.3}{\376\377\201\011\121\262\217\156\136\323\133\275\136\246\170\024\172\166}{section.1.1}% 21
\BOOKMARK [2][-]{subsection.1.1.4}{\376\377\155\101\221\317\133\306\136\246\124\214\214\061\143\007\145\160}{section.1.1}% 22
\BOOKMARK [2][-]{subsection.1.1.5}{\376\377\120\117\143\057\162\171\137\201}{section.1.1}% 23
\BOOKMARK [2][-]{subsection.1.1.6}{\376\377\154\325\142\311\173\054\145\313\217\154\166\204\155\113\221\317}{section.1.1}% 24
\BOOKMARK [2][-]{subsection.1.1.7}{\376\377\134\017\176\323}{section.1.1}% 25
\BOOKMARK [1][-]{section.1.2}{\376\377\232\330\174\276\136\246\201\011\121\262\146\037\155\113\145\366}{chapter.1}% 26
\BOOKMARK [2][-]{subsection.1.2.1}{\376\377\201\011\121\262\146\037\211\302\155\113\166\204\152\041\142\337\000\040\040\024\040\024\000\040\000P\000S\000I\000M\217\157\116\366\123\005}{section.1.2}% 27
\BOOKMARK [2][-]{subsection.1.2.2}{\376\377\201\011\121\262\146\037\232\330\174\276\136\246\155\113\145\366\000\040\040\024\040\024\000\040\000P\000T\000I\000M\000E\217\157\116\366\123\005}{section.1.2}% 28
\BOOKMARK [2][-]{subsection.1.2.3}{\376\377\152\041\142\337\124\214\155\113\145\366\217\157\116\366\166\204\136\224\165\050}{section.1.2}% 29
\BOOKMARK [1][-]{section.1.3}{\376\377\000F\000A\000S\000T\116\016\201\011\121\262\146\037\155\113\145\366\226\065\122\027}{chapter.1}% 30
\BOOKMARK [2][-]{subsection.1.3.1}{\376\377\000F\000A\000S\000T\133\371\000P\000T\000A\170\024\172\166\166\204\215\041\163\056}{section.1.3}% 31
\BOOKMARK [2][-]{subsection.1.3.2}{\376\377\117\177\165\050\000F\000A\000S\000T\217\333\210\114\232\330\174\276\136\246\201\011\121\262\146\037\155\113\145\366}{section.1.3}% 32
\BOOKMARK [2][-]{subsection.1.3.3}{\376\377\165\061\000F\000A\000S\000T\176\304\136\372\166\204\000P\000T\000A}{section.1.3}% 33
\BOOKMARK [2][-]{subsection.1.3.4}{\376\377\134\017\202\202}{section.1.3}% 34
\BOOKMARK [0][-]{chapter.2}{\376\377\121\111\133\146\154\342\153\265\166\204\170\024\172\166}{}% 35
\BOOKMARK [1][-]{section.2.1}{\376\377\134\004\165\065\201\011\121\262\146\037\133\374\201\364\166\204\137\256\137\025\122\233\220\017\225\134\116\213\116\366\123\312\215\050\221\317\155\113\221\317}{chapter.2}% 36
\BOOKMARK [2][-]{subsection.2.1.1}{\376\377\116\055\133\120\146\037\133\374\201\364\166\204\000p\000h\000o\000t\000o\000m\000e\000t\000r\000i\000c\000\040\000m\000i\000c\000r\000o\000l\000e\000n\000s\000i\000n\000g\116\213\116\366\166\204\140\047\215\050}{section.2.1}% 37
\BOOKMARK [2][-]{subsection.2.1.2}{\376\377\220\032\217\307\000a\000s\000t\000r\000o\000m\000e\000t\000r\000i\000c\000\040\000m\000i\000c\000r\000o\000l\000e\000n\000s\000i\000n\000g\155\113\221\317\201\011\121\262\146\037\215\050\221\317}{section.2.1}% 38
\BOOKMARK [2][-]{subsection.2.1.3}{\376\377\134\017\176\323}{section.2.1}% 39
\BOOKMARK [0][-]{chapter.3}{\376\377\000X\134\004\176\277\154\342\153\265\166\204\170\024\172\166}{}% 40
\BOOKMARK [1][-]{section.3.1}{\376\377\123\315\136\070\000X\134\004\176\277\201\011\121\262\146\037\124\214\217\157\117\075\232\154\134\004\176\277\221\315\131\015\162\006\166\204\170\154\000X\134\004\176\277\217\220\134\004}{chapter.3}% 41
\BOOKMARK [2][-]{subsection.3.1.1}{\376\377\214\061\166\204\140\047\215\050}{section.3.1}% 42
\BOOKMARK [2][-]{subsection.3.1.2}{\376\377\162\006\123\321\163\260\214\141\166\204\140\047\215\050}{section.3.1}% 43
\BOOKMARK [2][-]{subsection.3.1.3}{\376\377\155\113\145\366\140\047\215\050}{section.3.1}% 44
\BOOKMARK [2][-]{subsection.3.1.4}{\376\377\170\301\146\037\152\041\127\213\124\214\040\034\131\070\121\113\146\037\000+\126\336\204\075\166\330\040\035\152\041\127\213}{section.3.1}% 45
\BOOKMARK [2][-]{subsection.3.1.5}{\376\377\123\315\136\070\000X\134\004\176\277\201\011\121\262\146\037\124\214\217\157\117\075\232\154\134\004\176\277\221\315\131\015\162\006\166\204\170\154\000X\134\004\176\277\217\220\134\004}{section.3.1}% 46
\BOOKMARK [0][-]{chapter*.101}{\376\377\176\323\213\272}{}% 47
\BOOKMARK [0][-]{appendix*.103}{\376\377\123\302\200\003\145\207\163\056}{}% 48
\BOOKMARK [0][-]{appendix.A}{\376\377\153\353\171\322\201\011\121\262\146\037\166\204\131\032\154\342\153\265\201\011\121\262\120\117\143\057\217\156\136\323\126\376\162\107}{}% 49
\BOOKMARK [0][-]{appendix.B}{\376\377\123\321\210\150\145\207\172\340\122\027\210\150}{}% 50
\BOOKMARK [0][-]{appendix*.128}{\376\377\201\364\214\042}{}% 51
