This is pdfTeX, Version 3.14159265-2.6-1.40.15 (TeX Live 2014) (preloaded format=latex 2015.3.8)  15 APR 2015 16:47
entering extended mode
 restricted \write18 enabled.
 %&-line parsing enabled.
**thesis
(./thesis.tex
LaTeX2e <2014/05/01>
Babel <3.9l> and hyphenation patterns for 79 languages loaded.
(/usr/local/texlive/2014/texmf-dist/tex/latex/pkuthss/pkuthss.cls
Document Class: pkuthss 2014/07/07 v1.5.5 Peking University dissertation docume
nt class
(/usr/local/texlive/2014/texmf-dist/tex/latex/ctex/ctexbook.cls
Document Class: ctexbook 2014/06/09 v1.02d ctexbook document class
(/usr/local/texlive/2014/texmf-dist/tex/latex/ctex/opt/ctex-common-opts.def)
(/usr/local/texlive/2014/texmf-dist/tex/latex/ctex/opt/ctex-caption-opts.def
\c@CTEX@sectiondepth=\count79
)
(/usr/local/texlive/2014/texmf-dist/tex/latex/ctex/opt/ctex-class-opts.def)
(/usr/local/texlive/2014/texmf-dist/tex/latex/ctex/def/ctex-loadclass.def
(/usr/local/texlive/2014/texmf-dist/tex/latex/base/book.cls
Document Class: book 2014/09/29 v1.4h Standard LaTeX document class
(/usr/local/texlive/2014/texmf-dist/tex/latex/base/bk12.clo
File: bk12.clo 2014/09/29 v1.4h Standard LaTeX file (size option)
)
\c@part=\count80
\c@chapter=\count81
\c@section=\count82
\c@subsection=\count83
\c@subsubsection=\count84
\c@paragraph=\count85
\c@subparagraph=\count86
\c@figure=\count87
\c@table=\count88
\abovecaptionskip=\skip41
\belowcaptionskip=\skip42
\bibindent=\dimen102
))
(/usr/local/texlive/2014/texmf-dist/tex/latex/ctex/def/ctex-common.def
(/usr/local/texlive/2014/texmf-dist/tex/latex/l3kernel/expl3.sty
Package: expl3 2015/03/01 v5547 L3 programming layer (loader) 

(/usr/local/texlive/2014/texmf-dist/tex/latex/l3kernel/expl3-code.tex
Package: expl3 2015/03/01 v5547 L3 programming layer (code) 
L3 Module: l3bootstrap 2015/02/28 v5542 L3 Bootstrap code

(/usr/local/texlive/2014/texmf-dist/tex/latex/etex-pkg/etex.sty
Package: etex 1998/03/26 v2.0 eTeX basic definition package (PEB)
\et@xins=\count89
)
L3 Module: l3names 2015/02/24 v5535 L3 Namespace for primitives
L3 Module: l3basics 2015/01/27 v5500 L3 Basic definitions
L3 Module: l3expan 2014/11/27 v5472 L3 Argument expansion
L3 Module: l3tl 2015/01/27 v5500 L3 Token lists
L3 Module: l3str 2015/03/01 v5545 L3 Strings
L3 Module: l3seq 2014/08/23 v5354 L3 Sequences and stacks
L3 Module: l3int 2015/02/21 v5529 L3 Integers
\c_max_int=\count90
\l_tmpa_int=\count91
\l_tmpb_int=\count92
\g_tmpa_int=\count93
\g_tmpb_int=\count94
L3 Module: l3quark 2014/08/23 v5354 L3 Quarks
L3 Module: l3prg 2014/08/23 v5354 L3 Control structures
\g__prg_map_int=\count95
L3 Module: l3clist 2014/08/23 v5354 L3 Comma separated lists
L3 Module: l3token 2014/09/15 v5422 L3 Experimental token manipulation
L3 Module: l3prop 2014/08/23 v5354 L3 Property lists
L3 Module: l3msg 2015/02/26 v5537 L3 Messages
L3 Module: l3file 2014/08/24 v5369 L3 File and I/O operations
\l_iow_line_count_int=\count96
\l__iow_target_count_int=\count97
\l__iow_current_line_int=\count98
\l__iow_current_word_int=\count99
\l__iow_current_indentation_int=\count100
L3 Module: l3skip 2014/08/23 v5354 L3 Dimensions and skips
\c_zero_dim=\dimen103
\c_max_dim=\dimen104
\l_tmpa_dim=\dimen105
\l_tmpb_dim=\dimen106
\g_tmpa_dim=\dimen107
\g_tmpb_dim=\dimen108
\c_zero_skip=\skip43
\c_max_skip=\skip44
\l_tmpa_skip=\skip45
\l_tmpb_skip=\skip46
\g_tmpa_skip=\skip47
\g_tmpb_skip=\skip48
\c_zero_muskip=\muskip10
\c_max_muskip=\muskip11
\l_tmpa_muskip=\muskip12
\l_tmpb_muskip=\muskip13
\g_tmpa_muskip=\muskip14
\g_tmpb_muskip=\muskip15
L3 Module: l3keys 2015/01/27 v5500 L3 Key-value interfaces
\g__keyval_level_int=\count101
\l_keys_choice_int=\count102
L3 Module: l3fp 2014/08/22 v5336 L3 Floating points
\c__fp_leading_shift_int=\count103
\c__fp_middle_shift_int=\count104
\c__fp_trailing_shift_int=\count105
\c__fp_big_leading_shift_int=\count106
\c__fp_big_middle_shift_int=\count107
\c__fp_big_trailing_shift_int=\count108
\c__fp_Bigg_leading_shift_int=\count109
\c__fp_Bigg_middle_shift_int=\count110
\c__fp_Bigg_trailing_shift_int=\count111
L3 Module: l3box 2014/08/23 v5354 L3 Experimental boxes
\c_empty_box=\box26
\l_tmpa_box=\box27
\l_tmpb_box=\box28
\g_tmpa_box=\box29
\g_tmpb_box=\box30
L3 Module: l3coffins 2014/08/23 v5354 L3 Coffin code layer
\l__coffin_internal_box=\box31
\l__coffin_internal_dim=\dimen109
\l__coffin_offset_x_dim=\dimen110
\l__coffin_offset_y_dim=\dimen111
\l__coffin_x_dim=\dimen112
\l__coffin_y_dim=\dimen113
\l__coffin_x_prime_dim=\dimen114
\l__coffin_y_prime_dim=\dimen115
\c_empty_coffin=\box32
\l__coffin_aligned_coffin=\box33
\l__coffin_aligned_internal_coffin=\box34
\l_tmpa_coffin=\box35
\l_tmpb_coffin=\box36
\l__coffin_display_coffin=\box37
\l__coffin_display_coord_coffin=\box38
\l__coffin_display_pole_coffin=\box39
\l__coffin_display_offset_dim=\dimen116
\l__coffin_display_x_dim=\dimen117
\l__coffin_display_y_dim=\dimen118
L3 Module: l3color 2014/08/23 v5354 L3 Experimental color support
L3 Module: l3candidates 2015/03/01 v5544 L3 Experimental additions to l3kernel
\l__box_top_dim=\dimen119
\l__box_bottom_dim=\dimen120
\l__box_left_dim=\dimen121
\l__box_right_dim=\dimen122
\l__box_top_new_dim=\dimen123
\l__box_bottom_new_dim=\dimen124
\l__box_left_new_dim=\dimen125
\l__box_right_new_dim=\dimen126
\l__box_internal_box=\box40
\l__coffin_bounding_shift_dim=\dimen127
\l__coffin_left_corner_dim=\dimen128
\l__coffin_right_corner_dim=\dimen129
\l__coffin_bottom_corner_dim=\dimen130
\l__coffin_top_corner_dim=\dimen131
\l__coffin_scaled_total_height_dim=\dimen132
\l__coffin_scaled_width_dim=\dimen133
)
(/usr/local/texlive/2014/texmf-dist/tex/latex/l3kernel/l3unicode-data.def
File: l3unicode-data.def 2015/03/01 v5544 L3 Unicode data
)
(/usr/local/texlive/2014/texmf-dist/tex/latex/l3kernel/l3dvips.def
File: l3dvips.def 2015/03/01 v5544 L3 Experimental driver: dvips
))
(/usr/local/texlive/2014/texmf-dist/tex/latex/etoolbox/etoolbox.sty
Package: etoolbox 2011/01/03 v2.1 e-TeX tools for LaTeX
\etb@tempcnta=\count112
)
(/usr/local/texlive/2014/texmf-dist/tex/generic/oberdiek/ifpdf.sty
Package: ifpdf 2011/01/30 v2.3 Provides the ifpdf switch (HO)
Package ifpdf Info: pdfTeX in PDF mode is not detected.
)
(/usr/local/texlive/2014/texmf-dist/tex/generic/ifxetex/ifxetex.sty
Package: ifxetex 2010/09/12 v0.6 Provides ifxetex conditional
)
(/usr/local/texlive/2014/texmf-dist/tex/latex/graphics/keyval.sty
Package: keyval 2014/10/28 v1.15 key=value parser (DPC)
\KV@toks@=\toks14
)
(/usr/local/texlive/2014/texmf-dist/tex/latex/tools/indentfirst.sty
Package: indentfirst 1995/11/23 v1.03 Indent first paragraph (DPC)
)
(/usr/local/texlive/2014/texmf-dist/tex/latex/base/fix-cm.sty
Package: fix-cm 2014/09/29 v1.1s fixes to LaTeX

(/usr/local/texlive/2014/texmf-dist/tex/latex/base/ts1enc.def
File: ts1enc.def 2001/06/05 v3.0e (jk/car/fm) Standard LaTeX file
))
(/usr/local/texlive/2014/texmf-dist/tex/latex/fancyhdr/fancyhdr.sty
\fancy@headwidth=\skip49
\f@ncyO@elh=\skip50
\f@ncyO@erh=\skip51
\f@ncyO@olh=\skip52
\f@ncyO@orh=\skip53
\f@ncyO@elf=\skip54
\f@ncyO@erf=\skip55
\f@ncyO@olf=\skip56
\f@ncyO@orf=\skip57
)
(/usr/local/texlive/2014/texmf-dist/tex/latex/ctex/engine/ctex-cjk-engine.def
(/usr/local/texlive/2014/texmf-dist/tex/latex/cjk/texinput/CJKutf8.sty
Package: CJKutf8 2012/05/07 4.8.3

(/usr/local/texlive/2014/texmf-dist/tex/latex/base/inputenc.sty
Package: inputenc 2014/04/30 v1.2b Input encoding file
\inpenc@prehook=\toks15
\inpenc@posthook=\toks16

(/usr/local/texlive/2014/texmf-dist/tex/latex/base/utf8.def
File: utf8.def 2014/09/29 v1.1m UTF-8 support for inputenc
Now handling font encoding OML ...
... no UTF-8 mapping file for font encoding OML
Now handling font encoding T1 ...
... processing UTF-8 mapping file for font encoding T1

(/usr/local/texlive/2014/texmf-dist/tex/latex/base/t1enc.dfu
File: t1enc.dfu 2014/09/29 v1.1m UTF-8 support for inputenc
   defining Unicode char U+00A1 (decimal 161)
   defining Unicode char U+00A3 (decimal 163)
   defining Unicode char U+00AB (decimal 171)
   defining Unicode char U+00BB (decimal 187)
   defining Unicode char U+00BF (decimal 191)
   defining Unicode char U+00C0 (decimal 192)
   defining Unicode char U+00C1 (decimal 193)
   defining Unicode char U+00C2 (decimal 194)
   defining Unicode char U+00C3 (decimal 195)
   defining Unicode char U+00C4 (decimal 196)
   defining Unicode char U+00C5 (decimal 197)
   defining Unicode char U+00C6 (decimal 198)
   defining Unicode char U+00C7 (decimal 199)
   defining Unicode char U+00C8 (decimal 200)
   defining Unicode char U+00C9 (decimal 201)
   defining Unicode char U+00CA (decimal 202)
   defining Unicode char U+00CB (decimal 203)
   defining Unicode char U+00CC (decimal 204)
   defining Unicode char U+00CD (decimal 205)
   defining Unicode char U+00CE (decimal 206)
   defining Unicode char U+00CF (decimal 207)
   defining Unicode char U+00D0 (decimal 208)
   defining Unicode char U+00D1 (decimal 209)
   defining Unicode char U+00D2 (decimal 210)
   defining Unicode char U+00D3 (decimal 211)
   defining Unicode char U+00D4 (decimal 212)
   defining Unicode char U+00D5 (decimal 213)
   defining Unicode char U+00D6 (decimal 214)
   defining Unicode char U+00D8 (decimal 216)
   defining Unicode char U+00D9 (decimal 217)
   defining Unicode char U+00DA (decimal 218)
   defining Unicode char U+00DB (decimal 219)
   defining Unicode char U+00DC (decimal 220)
   defining Unicode char U+00DD (decimal 221)
   defining Unicode char U+00DE (decimal 222)
   defining Unicode char U+00DF (decimal 223)
   defining Unicode char U+00E0 (decimal 224)
   defining Unicode char U+00E1 (decimal 225)
   defining Unicode char U+00E2 (decimal 226)
   defining Unicode char U+00E3 (decimal 227)
   defining Unicode char U+00E4 (decimal 228)
   defining Unicode char U+00E5 (decimal 229)
   defining Unicode char U+00E6 (decimal 230)
   defining Unicode char U+00E7 (decimal 231)
   defining Unicode char U+00E8 (decimal 232)
   defining Unicode char U+00E9 (decimal 233)
   defining Unicode char U+00EA (decimal 234)
   defining Unicode char U+00EB (decimal 235)
   defining Unicode char U+00EC (decimal 236)
   defining Unicode char U+00ED (decimal 237)
   defining Unicode char U+00EE (decimal 238)
   defining Unicode char U+00EF (decimal 239)
   defining Unicode char U+00F0 (decimal 240)
   defining Unicode char U+00F1 (decimal 241)
   defining Unicode char U+00F2 (decimal 242)
   defining Unicode char U+00F3 (decimal 243)
   defining Unicode char U+00F4 (decimal 244)
   defining Unicode char U+00F5 (decimal 245)
   defining Unicode char U+00F6 (decimal 246)
   defining Unicode char U+00F8 (decimal 248)
   defining Unicode char U+00F9 (decimal 249)
   defining Unicode char U+00FA (decimal 250)
   defining Unicode char U+00FB (decimal 251)
   defining Unicode char U+00FC (decimal 252)
   defining Unicode char U+00FD (decimal 253)
   defining Unicode char U+00FE (decimal 254)
   defining Unicode char U+00FF (decimal 255)
   defining Unicode char U+0102 (decimal 258)
   defining Unicode char U+0103 (decimal 259)
   defining Unicode char U+0104 (decimal 260)
   defining Unicode char U+0105 (decimal 261)
   defining Unicode char U+0106 (decimal 262)
   defining Unicode char U+0107 (decimal 263)
   defining Unicode char U+010C (decimal 268)
   defining Unicode char U+010D (decimal 269)
   defining Unicode char U+010E (decimal 270)
   defining Unicode char U+010F (decimal 271)
   defining Unicode char U+0110 (decimal 272)
   defining Unicode char U+0111 (decimal 273)
   defining Unicode char U+0118 (decimal 280)
   defining Unicode char U+0119 (decimal 281)
   defining Unicode char U+011A (decimal 282)
   defining Unicode char U+011B (decimal 283)
   defining Unicode char U+011E (decimal 286)
   defining Unicode char U+011F (decimal 287)
   defining Unicode char U+0130 (decimal 304)
   defining Unicode char U+0131 (decimal 305)
   defining Unicode char U+0132 (decimal 306)
   defining Unicode char U+0133 (decimal 307)
   defining Unicode char U+0139 (decimal 313)
   defining Unicode char U+013A (decimal 314)
   defining Unicode char U+013D (decimal 317)
   defining Unicode char U+013E (decimal 318)
   defining Unicode char U+0141 (decimal 321)
   defining Unicode char U+0142 (decimal 322)
   defining Unicode char U+0143 (decimal 323)
   defining Unicode char U+0144 (decimal 324)
   defining Unicode char U+0147 (decimal 327)
   defining Unicode char U+0148 (decimal 328)
   defining Unicode char U+014A (decimal 330)
   defining Unicode char U+014B (decimal 331)
   defining Unicode char U+0150 (decimal 336)
   defining Unicode char U+0151 (decimal 337)
   defining Unicode char U+0152 (decimal 338)
   defining Unicode char U+0153 (decimal 339)
   defining Unicode char U+0154 (decimal 340)
   defining Unicode char U+0155 (decimal 341)
   defining Unicode char U+0158 (decimal 344)
   defining Unicode char U+0159 (decimal 345)
   defining Unicode char U+015A (decimal 346)
   defining Unicode char U+015B (decimal 347)
   defining Unicode char U+015E (decimal 350)
   defining Unicode char U+015F (decimal 351)
   defining Unicode char U+0160 (decimal 352)
   defining Unicode char U+0161 (decimal 353)
   defining Unicode char U+0162 (decimal 354)
   defining Unicode char U+0163 (decimal 355)
   defining Unicode char U+0164 (decimal 356)
   defining Unicode char U+0165 (decimal 357)
   defining Unicode char U+016E (decimal 366)
   defining Unicode char U+016F (decimal 367)
   defining Unicode char U+0170 (decimal 368)
   defining Unicode char U+0171 (decimal 369)
   defining Unicode char U+0178 (decimal 376)
   defining Unicode char U+0179 (decimal 377)
   defining Unicode char U+017A (decimal 378)
   defining Unicode char U+017B (decimal 379)
   defining Unicode char U+017C (decimal 380)
   defining Unicode char U+017D (decimal 381)
   defining Unicode char U+017E (decimal 382)
   defining Unicode char U+200C (decimal 8204)
   defining Unicode char U+2013 (decimal 8211)
   defining Unicode char U+2014 (decimal 8212)
   defining Unicode char U+2018 (decimal 8216)
   defining Unicode char U+2019 (decimal 8217)
   defining Unicode char U+201A (decimal 8218)
   defining Unicode char U+201C (decimal 8220)
   defining Unicode char U+201D (decimal 8221)
   defining Unicode char U+201E (decimal 8222)
   defining Unicode char U+2030 (decimal 8240)
   defining Unicode char U+2031 (decimal 8241)
   defining Unicode char U+2039 (decimal 8249)
   defining Unicode char U+203A (decimal 8250)
   defining Unicode char U+2423 (decimal 9251)
)
Now handling font encoding OT1 ...
... processing UTF-8 mapping file for font encoding OT1

(/usr/local/texlive/2014/texmf-dist/tex/latex/base/ot1enc.dfu
File: ot1enc.dfu 2014/09/29 v1.1m UTF-8 support for inputenc
   defining Unicode char U+00A1 (decimal 161)
   defining Unicode char U+00A3 (decimal 163)
   defining Unicode char U+00B8 (decimal 184)
   defining Unicode char U+00BF (decimal 191)
   defining Unicode char U+00C5 (decimal 197)
   defining Unicode char U+00C6 (decimal 198)
   defining Unicode char U+00D8 (decimal 216)
   defining Unicode char U+00DF (decimal 223)
   defining Unicode char U+00E6 (decimal 230)
   defining Unicode char U+00EC (decimal 236)
   defining Unicode char U+00ED (decimal 237)
   defining Unicode char U+00EE (decimal 238)
   defining Unicode char U+00EF (decimal 239)
   defining Unicode char U+00F8 (decimal 248)
   defining Unicode char U+0131 (decimal 305)
   defining Unicode char U+0141 (decimal 321)
   defining Unicode char U+0142 (decimal 322)
   defining Unicode char U+0152 (decimal 338)
   defining Unicode char U+0153 (decimal 339)
   defining Unicode char U+2013 (decimal 8211)
   defining Unicode char U+2014 (decimal 8212)
   defining Unicode char U+2018 (decimal 8216)
   defining Unicode char U+2019 (decimal 8217)
   defining Unicode char U+201C (decimal 8220)
   defining Unicode char U+201D (decimal 8221)
)
Now handling font encoding OMS ...
... processing UTF-8 mapping file for font encoding OMS

(/usr/local/texlive/2014/texmf-dist/tex/latex/base/omsenc.dfu
File: omsenc.dfu 2014/09/29 v1.1m UTF-8 support for inputenc
   defining Unicode char U+00A7 (decimal 167)
   defining Unicode char U+00B6 (decimal 182)
   defining Unicode char U+00B7 (decimal 183)
   defining Unicode char U+2020 (decimal 8224)
   defining Unicode char U+2021 (decimal 8225)
   defining Unicode char U+2022 (decimal 8226)
)
Now handling font encoding OMX ...
... no UTF-8 mapping file for font encoding OMX
Now handling font encoding U ...
... no UTF-8 mapping file for font encoding U
Now handling font encoding TS1 ...
... processing UTF-8 mapping file for font encoding TS1

(/usr/local/texlive/2014/texmf-dist/tex/latex/base/ts1enc.dfu
File: ts1enc.dfu 2014/09/29 v1.1m UTF-8 support for inputenc
   defining Unicode char U+00A2 (decimal 162)
   defining Unicode char U+00A3 (decimal 163)
   defining Unicode char U+00A4 (decimal 164)
   defining Unicode char U+00A5 (decimal 165)
   defining Unicode char U+00A6 (decimal 166)
   defining Unicode char U+00A7 (decimal 167)
   defining Unicode char U+00A8 (decimal 168)
   defining Unicode char U+00A9 (decimal 169)
   defining Unicode char U+00AA (decimal 170)
   defining Unicode char U+00AC (decimal 172)
   defining Unicode char U+00AE (decimal 174)
   defining Unicode char U+00AF (decimal 175)
   defining Unicode char U+00B0 (decimal 176)
   defining Unicode char U+00B1 (decimal 177)
   defining Unicode char U+00B2 (decimal 178)
   defining Unicode char U+00B3 (decimal 179)
   defining Unicode char U+00B4 (decimal 180)
   defining Unicode char U+00B5 (decimal 181)
   defining Unicode char U+00B6 (decimal 182)
   defining Unicode char U+00B7 (decimal 183)
   defining Unicode char U+00B9 (decimal 185)
   defining Unicode char U+00BA (decimal 186)
   defining Unicode char U+00BC (decimal 188)
   defining Unicode char U+00BD (decimal 189)
   defining Unicode char U+00BE (decimal 190)
   defining Unicode char U+00D7 (decimal 215)
   defining Unicode char U+00F7 (decimal 247)
   defining Unicode char U+0192 (decimal 402)
   defining Unicode char U+02C7 (decimal 711)
   defining Unicode char U+02D8 (decimal 728)
   defining Unicode char U+02DD (decimal 733)
   defining Unicode char U+0E3F (decimal 3647)
   defining Unicode char U+2016 (decimal 8214)
   defining Unicode char U+2020 (decimal 8224)
   defining Unicode char U+2021 (decimal 8225)
   defining Unicode char U+2022 (decimal 8226)
   defining Unicode char U+2030 (decimal 8240)
   defining Unicode char U+2031 (decimal 8241)
   defining Unicode char U+203B (decimal 8251)
   defining Unicode char U+203D (decimal 8253)
   defining Unicode char U+2044 (decimal 8260)
   defining Unicode char U+204E (decimal 8270)
   defining Unicode char U+2052 (decimal 8274)
   defining Unicode char U+20A1 (decimal 8353)
   defining Unicode char U+20A4 (decimal 8356)
   defining Unicode char U+20A6 (decimal 8358)
   defining Unicode char U+20A9 (decimal 8361)
   defining Unicode char U+20AB (decimal 8363)
   defining Unicode char U+20AC (decimal 8364)
   defining Unicode char U+20B1 (decimal 8369)
   defining Unicode char U+2103 (decimal 8451)
   defining Unicode char U+2116 (decimal 8470)
   defining Unicode char U+2117 (decimal 8471)
   defining Unicode char U+211E (decimal 8478)
   defining Unicode char U+2120 (decimal 8480)
   defining Unicode char U+2122 (decimal 8482)
   defining Unicode char U+2126 (decimal 8486)
   defining Unicode char U+2127 (decimal 8487)
   defining Unicode char U+212E (decimal 8494)
   defining Unicode char U+2190 (decimal 8592)
   defining Unicode char U+2191 (decimal 8593)
   defining Unicode char U+2192 (decimal 8594)
   defining Unicode char U+2193 (decimal 8595)
   defining Unicode char U+2329 (decimal 9001)
   defining Unicode char U+232A (decimal 9002)
   defining Unicode char U+2422 (decimal 9250)
   defining Unicode char U+25E6 (decimal 9702)
   defining Unicode char U+25EF (decimal 9711)
   defining Unicode char U+266A (decimal 9834)
)
   defining Unicode char U+00A9 (decimal 169)
   defining Unicode char U+00AA (decimal 170)
   defining Unicode char U+00AE (decimal 174)
   defining Unicode char U+00BA (decimal 186)
   defining Unicode char U+02C6 (decimal 710)
   defining Unicode char U+02DC (decimal 732)
   defining Unicode char U+200C (decimal 8204)
   defining Unicode char U+2026 (decimal 8230)
   defining Unicode char U+2122 (decimal 8482)
   defining Unicode char U+2423 (decimal 9251)
))
(/usr/local/texlive/2014/texmf-dist/tex/latex/cjk/texinput/CJK.sty
Package: CJK 2012/05/07 4.8.3

(/usr/local/texlive/2014/texmf-dist/tex/latex/cjk/texinput/mule/MULEenc.sty
Package: MULEenc 2012/05/07 4.8.3
)
(/usr/local/texlive/2014/texmf-dist/tex/latex/cjk/texinput/CJK.enc
File: CJK.enc 2012/05/07 4.8.3
Now handling font encoding C00 ...
... no UTF-8 mapping file for font encoding C00
Now handling font encoding C05 ...
... no UTF-8 mapping file for font encoding C05
Now handling font encoding C09 ...
... no UTF-8 mapping file for font encoding C09
Now handling font encoding C10 ...
... no UTF-8 mapping file for font encoding C10
Now handling font encoding C20 ...
... no UTF-8 mapping file for font encoding C20
Now handling font encoding C19 ...
... no UTF-8 mapping file for font encoding C19
Now handling font encoding C40 ...
... no UTF-8 mapping file for font encoding C40
Now handling font encoding C42 ...
... no UTF-8 mapping file for font encoding C42
Now handling font encoding C43 ...
... no UTF-8 mapping file for font encoding C43
Now handling font encoding C50 ...
... no UTF-8 mapping file for font encoding C50
Now handling font encoding C52 ...
... no UTF-8 mapping file for font encoding C52
Now handling font encoding C49 ...
... no UTF-8 mapping file for font encoding C49
Now handling font encoding C60 ...
... no UTF-8 mapping file for font encoding C60
Now handling font encoding C61 ...
... no UTF-8 mapping file for font encoding C61
Now handling font encoding C63 ...
... no UTF-8 mapping file for font encoding C63
Now handling font encoding C64 ...
... no UTF-8 mapping file for font encoding C64
Now handling font encoding C65 ...
... no UTF-8 mapping file for font encoding C65
Now handling font encoding C70 ...
... no UTF-8 mapping file for font encoding C70
Now handling font encoding C31 ...
... no UTF-8 mapping file for font encoding C31
Now handling font encoding C32 ...
... no UTF-8 mapping file for font encoding C32
Now handling font encoding C33 ...
... no UTF-8 mapping file for font encoding C33
Now handling font encoding C34 ...
... no UTF-8 mapping file for font encoding C34
Now handling font encoding C35 ...
... no UTF-8 mapping file for font encoding C35
Now handling font encoding C36 ...
... no UTF-8 mapping file for font encoding C36
Now handling font encoding C37 ...
... no UTF-8 mapping file for font encoding C37
Now handling font encoding C80 ...
... no UTF-8 mapping file for font encoding C80
Now handling font encoding C81 ...
... no UTF-8 mapping file for font encoding C81
Now handling font encoding C01 ...
... no UTF-8 mapping file for font encoding C01
Now handling font encoding C11 ...
... no UTF-8 mapping file for font encoding C11
Now handling font encoding C21 ...
... no UTF-8 mapping file for font encoding C21
Now handling font encoding C41 ...
... no UTF-8 mapping file for font encoding C41
Now handling font encoding C62 ...
... no UTF-8 mapping file for font encoding C62
)
LaTeX Info: Redefining \selectfont on input line 755.
\CJK@indent=\box41
)
(/usr/local/texlive/2014/texmf-dist/tex/latex/base/fontenc.sty
Package: fontenc 2005/09/27 v1.99g Standard LaTeX package
))
(/usr/local/texlive/2014/texmf-dist/tex/latex/cjkpunct/CJKpunct.sty
Package: CJKpunct 2009/05/06 4.8.2
\CJKpunct@cnta=\count113
\CJKpunct@cntb=\count114
\CJKpunct@cntc=\count115
\CJKpunct@cntd=\count116
\CJKpunct@cnte=\count117
   defining Unicode char U+2018 (decimal 8216)
   defining Unicode char U+2019 (decimal 8217)
   defining Unicode char U+201C (decimal 8220)
   defining Unicode char U+201D (decimal 8221)
   defining Unicode char U+2014 (decimal 8212)
   defining Unicode char U+2026 (decimal 8230)
)
(/usr/local/texlive/2014/texmf-dist/tex/latex/ctex/engine/ctex-cjk-common.def
(/usr/local/texlive/2014/texmf-dist/tex/latex/cjk/texinput/CJKfntef.sty
Package: CJKfntef 2012/05/07 4.8.3

(/usr/local/texlive/2014/texmf-dist/tex/latex/cjk/texinput/CJKulem.sty
Package: CJKulem 2012/05/07 4.8.3

(/usr/local/texlive/2014/texmf-dist/tex/generic/ulem/ulem.sty
\UL@box=\box42
\UL@hyphenbox=\box43
\UL@skip=\skip58
\UL@hook=\toks17
\UL@height=\dimen134
\UL@pe=\count118
\UL@pixel=\dimen135
\ULC@box=\box44
Package: ulem 2012/05/18
\ULdepth=\dimen136
)
\UL@lastkern=\dimen137
\CJK@skip=\skip59
)
\CJK@fntefSkip=\skip60
\CJK@nest=\count119
\CJK@fntefDimen=\dimen138
\CJK@underdotBox=\box45
\CJK@ULbox=\box46
\CJK@underanyskip=\dimen139
)
\ccwd=\dimen140
)
(/usr/local/texlive/2014/texmf-dist/tex/latex/ctex/fontset/ctex-cjk-winfonts.de
f (/usr/local/texlive/2014/texmf-dist/tex/generic/zhmetrics/zhwinfonts.tex
(/usr/local/texlive/2014/texmf-dist/tex/generic/oberdiek/ifpdf.sty
Package ifpdf Info: The package is already loaded, stopped on input line 64.
))))
\CTEX@q=\count120
\CTEX@r=\count121
)
(/usr/local/texlive/2014/texmf-dist/tex/latex/ctex/def/ctex-caption.def)
(/usr/local/texlive/2014/texmf-dist/tex/latex/ctex/def/ctex-class.def)
(/usr/local/texlive/2014/texmf-dist/tex/latex/ctex/def/ctex-book.def))
(/usr/local/texlive/2014/texmf-dist/tex/latex/ctex/def/ctex-utf8.def)
(/usr/local/texlive/2014/texmf-dist/tex/latex/ctex/cfg/ctexcap.cfg
(/usr/local/texlive/2014/texmf-dist/tex/latex/ctex/cfg/ctexcap-utf8.cfg))
(/usr/local/texlive/2014/texmf-dist/tex/latex/ctex/cfg/ctex.cfg)
(/usr/local/texlive/2014/texmf-dist/tex/latex/graphics/graphicx.sty
Package: graphicx 2014/10/28 v1.0g Enhanced LaTeX Graphics (DPC,SPQR)

(/usr/local/texlive/2014/texmf-dist/tex/latex/graphics/graphics.sty
Package: graphics 2014/10/28 v1.0p Standard LaTeX Graphics (DPC,SPQR)

(/usr/local/texlive/2014/texmf-dist/tex/latex/graphics/trig.sty
Package: trig 1999/03/16 v1.09 sin cos tan (DPC)
)
(/usr/local/texlive/2014/texmf-dist/tex/latex/latexconfig/graphics.cfg
File: graphics.cfg 2010/04/23 v1.9 graphics configuration of TeX Live
)
Package graphics Info: Driver file: dvips.def on input line 91.

(/usr/local/texlive/2014/texmf-dist/tex/latex/graphics/dvips.def
File: dvips.def 2014/10/14 v3.0j Driver-dependent file (DPC,SPQR)
))
\Gin@req@height=\dimen141
\Gin@req@width=\dimen142
)
(/usr/local/texlive/2014/texmf-dist/tex/latex/geometry/geometry.sty
Package: geometry 2010/09/12 v5.6 Page Geometry

(/usr/local/texlive/2014/texmf-dist/tex/generic/oberdiek/ifvtex.sty
Package: ifvtex 2010/03/01 v1.5 Detect VTeX and its facilities (HO)
Package ifvtex Info: VTeX not detected.
)
\Gm@cnth=\count122
\Gm@cntv=\count123
\c@Gm@tempcnt=\count124
\Gm@bindingoffset=\dimen143
\Gm@wd@mp=\dimen144
\Gm@odd@mp=\dimen145
\Gm@even@mp=\dimen146
\Gm@layoutwidth=\dimen147
\Gm@layoutheight=\dimen148
\Gm@layouthoffset=\dimen149
\Gm@layoutvoffset=\dimen150
\Gm@dimlist=\toks18
)
(/usr/local/texlive/2014/texmf-dist/tex/latex/pkuthss/pkuthss-extra.sty
Package: pkuthss-extra 2014/07/07 v1.5.5 Common extra settings for the pkuthss 
document class

(/usr/local/texlive/2014/texmf-dist/tex/latex/cjk/texinput/CJKspace.sty
Package: CJKspace 2012/05/07 3.8.0
)
(/usr/local/texlive/2014/texmf-dist/tex/latex/setspace/setspace.sty
Package: setspace 2011/12/19 v6.7a set line spacing
)
(/usr/local/texlive/2014/texmf-dist/tex/latex/footmisc/footmisc.sty
Package: footmisc 2011/06/06 v5.5b a miscellany of footnote facilities
\FN@temptoken=\toks19
\footnotemargin=\dimen151
\c@pp@next@reset=\count125
Package footmisc Info: Declaring symbol style bringhurst on input line 855.
Package footmisc Info: Declaring symbol style chicago on input line 863.
Package footmisc Info: Declaring symbol style wiley on input line 872.
Package footmisc Info: Declaring symbol style lamport-robust on input line 883.

Package footmisc Info: Declaring symbol style lamport* on input line 903.
Package footmisc Info: Declaring symbol style lamport*-robust on input line 924
.
)
(/usr/local/texlive/2014/texmf-dist/tex/latex/enumitem/enumitem.sty
Package: enumitem 2011/09/28 v3.5.2 Customized lists
\labelindent=\skip61
\enit@outerparindent=\dimen152
\enit@toks=\toks20
\enit@inbox=\box47
\enitdp@description=\count126
)
(/usr/local/texlive/2014/texmf-dist/tex/latex/caption/caption.sty
Package: caption 2013/05/02 v3.3-89 Customizing captions (AR)

(/usr/local/texlive/2014/texmf-dist/tex/latex/caption/caption3.sty
Package: caption3 2013/05/02 v1.6-88 caption3 kernel (AR)
Package caption3 Info: TeX engine: e-TeX on input line 57.
\captionmargin=\dimen153
\captionmargin@=\dimen154
\captionwidth=\dimen155
\caption@tempdima=\dimen156
\caption@indent=\dimen157
\caption@parindent=\dimen158
\caption@hangindent=\dimen159
Package caption Info: Unknown document class (or package),
(caption)             standard defaults will be used.
)

Package caption Warning: Unsupported document class (or package) detected,
(caption)                usage of the caption package is not recommended.
See the caption package documentation for explanation.

Package caption Info: \@makecaption = \long macro:#1#2->\vskip \abovecaptionski
p \sbox \@tempboxa {#1\CTEX@caption@delimiter #2}\ifdim \wd \@tempboxa >\hsize 
#1\CTEX@caption@delimiter #2\par \else \global \@minipagefalse \hb@xt@ \hsize {
\hfil \box \@tempboxa \hfil }\fi \vskip \belowcaptionskip .
\c@ContinuedFloat=\count127
))) (/usr/local/texlive/2014/texmf-dist/tex/latex/pkuthss/pkuthss-utf8.def
File: pkuthss-utf8.def 2014/07/07 v1.5.5 Labels and captions in UTF-8 encoding 
for the pkuthss document class
)
(/usr/local/texlive/2014/texmf-dist/tex/latex/biblatex/biblatex.sty
Package: biblatex 2014/06/25 v2.9a programmable bibliographies (PK/JW/AB)

(/usr/local/texlive/2014/texmf-dist/tex/latex/biblatex/biblatex2.sty
Package: biblatex2 2014/06/25 v2.9a programmable bibliographies (biber) (PK/JW/
AB)

(/usr/local/texlive/2014/texmf-dist/tex/latex/oberdiek/kvoptions.sty
Package: kvoptions 2011/06/30 v3.11 Key value format for package options (HO)

(/usr/local/texlive/2014/texmf-dist/tex/generic/oberdiek/ltxcmds.sty
Package: ltxcmds 2011/11/09 v1.22 LaTeX kernel commands for general use (HO)
)
(/usr/local/texlive/2014/texmf-dist/tex/generic/oberdiek/kvsetkeys.sty
Package: kvsetkeys 2012/04/25 v1.16 Key value parser (HO)

(/usr/local/texlive/2014/texmf-dist/tex/generic/oberdiek/infwarerr.sty
Package: infwarerr 2010/04/08 v1.3 Providing info/warning/error messages (HO)
)
(/usr/local/texlive/2014/texmf-dist/tex/generic/oberdiek/etexcmds.sty
Package: etexcmds 2011/02/16 v1.5 Avoid name clashes with e-TeX commands (HO)

(/usr/local/texlive/2014/texmf-dist/tex/generic/oberdiek/ifluatex.sty
Package: ifluatex 2010/03/01 v1.3 Provides the ifluatex switch (HO)
Package ifluatex Info: LuaTeX not detected.
)
Package etexcmds Info: Could not find \expanded.
(etexcmds)             That can mean that you are not using pdfTeX 1.50 or
(etexcmds)             that some package has redefined \expanded.
(etexcmds)             In the latter case, load this package earlier.
)))
(/usr/local/texlive/2014/texmf-dist/tex/latex/logreq/logreq.sty
Package: logreq 2010/08/04 v1.0 xml request logger
\lrq@indent=\count128

(/usr/local/texlive/2014/texmf-dist/tex/latex/logreq/logreq.def
File: logreq.def 2010/08/04 v1.0 logreq spec v1.0
))
(/usr/local/texlive/2014/texmf-dist/tex/latex/base/ifthen.sty
Package: ifthen 2014/09/29 v1.1c Standard LaTeX ifthen package (DPC)
)
(/usr/local/texlive/2014/texmf-dist/tex/latex/url/url.sty
\Urlmuskip=\muskip16
Package: url 2013/09/16  ver 3.4  Verb mode for urls, etc.
)
\c@tabx@nest=\count129
\c@listtotal=\count130
\c@listcount=\count131
\c@liststart=\count132
\c@liststop=\count133
\c@citecount=\count134
\c@citetotal=\count135
\c@multicitecount=\count136
\c@multicitetotal=\count137
\c@instcount=\count138
\c@maxnames=\count139
\c@minnames=\count140
\c@maxitems=\count141
\c@minitems=\count142
\c@citecounter=\count143
\c@savedcitecounter=\count144
\c@uniquelist=\count145
\c@uniquename=\count146
\c@refsection=\count147
\c@refsegment=\count148
\c@maxextratitle=\count149
\c@maxextratitleyear=\count150
\c@maxextrayear=\count151
\c@maxextraalpha=\count152
\c@abbrvpenalty=\count153
\c@highnamepenalty=\count154
\c@lownamepenalty=\count155
\c@maxparens=\count156
\c@parenlevel=\count157
\blx@tempcnta=\count158
\blx@tempcntb=\count159
\blx@tempcntc=\count160
\blx@maxsection=\count161
\blx@maxsegment@0=\count162
\blx@notetype=\count163
\blx@parenlevel@text=\count164
\blx@parenlevel@foot=\count165
\blx@sectionciteorder@0=\count166
\labelnumberwidth=\skip62
\labelalphawidth=\skip63
\biblabelsep=\skip64
\bibitemsep=\skip65
\bibnamesep=\skip66
\bibinitsep=\skip67
\bibparsep=\skip68
\bibhang=\skip69
\blx@bcfin=\read1
\blx@bcfout=\write3
\c@mincomprange=\count167
\c@maxcomprange=\count168
\c@mincompwidth=\count169
Package biblatex Info: Trying to load biblatex default data model...
Package biblatex Info: ... file 'blx-dm.def' found.

(/usr/local/texlive/2014/texmf-dist/tex/latex/biblatex/blx-dm.def)
Package biblatex Info: Trying to load biblatex style data model...
Package biblatex Info: ... file 'caspervector.dbx' not found.
Package biblatex Info: Trying to load biblatex custom data model...
Package biblatex Info: ... file 'biblatex-dm.cfg' not found.
\c@afterword=\count170
\c@savedafterword=\count171
\c@annotator=\count172
\c@savedannotator=\count173
\c@author=\count174
\c@savedauthor=\count175
\c@bookauthor=\count176
\c@savedbookauthor=\count177
\c@commentator=\count178
\c@savedcommentator=\count179
\c@editor=\count180
\c@savededitor=\count181
\c@editora=\count182
\c@savededitora=\count183
\c@editorb=\count184
\c@savededitorb=\count185
\c@editorc=\count186
\c@savededitorc=\count187
\c@foreword=\count188
\c@savedforeword=\count189
\c@holder=\count190
\c@savedholder=\count191
\c@introduction=\count192
\c@savedintroduction=\count193
\c@namea=\count194
\c@savednamea=\count195
\c@nameb=\count196
\c@savednameb=\count197
\c@namec=\count198
\c@savednamec=\count199
\c@translator=\count200
\c@savedtranslator=\count201
Normal \count register pool exhausted, switching to extended pool.
\c@shortauthor=\count277
\c@savedshortauthor=\count278
\c@shorteditor=\count279
\c@savedshorteditor=\count280
\c@labelname=\count281
\c@savedlabelname=\count282
\c@institution=\count283
\c@savedinstitution=\count284
\c@lista=\count285
\c@savedlista=\count286
\c@listb=\count287
\c@savedlistb=\count288
\c@listc=\count289
\c@savedlistc=\count290
\c@listd=\count291
\c@savedlistd=\count292
\c@liste=\count293
\c@savedliste=\count294
\c@listf=\count295
\c@savedlistf=\count296
\c@location=\count297
\c@savedlocation=\count298
\c@organization=\count299
\c@savedorganization=\count300
\c@origlocation=\count301
\c@savedoriglocation=\count302
\c@origpublisher=\count303
\c@savedorigpublisher=\count304
\c@publisher=\count305
\c@savedpublisher=\count306
\c@language=\count307
\c@savedlanguage=\count308
\c@pageref=\count309
\c@savedpageref=\count310
\shorthandwidth=\skip70
\shortjournalwidth=\skip71
\shortserieswidth=\skip72
\shorttitlewidth=\skip73
\shortauthorwidth=\skip74
\shorteditorwidth=\skip75
Package biblatex Info: Trying to load compatibility code...
Package biblatex Info: ... file 'blx-compat.def' found.

(/usr/local/texlive/2014/texmf-dist/tex/latex/biblatex/blx-compat.def
File: blx-compat.def 2014/06/25 v2.9a biblatex compatibility (PK/JW/AB)
)
Package biblatex Info: Trying to load generic definitions...
Package biblatex Info: ... file 'biblatex.def' found.

(/usr/local/texlive/2014/texmf-dist/tex/latex/biblatex/biblatex.def
File: biblatex.def 
\c@textcitecount=\count311
\c@textcitetotal=\count312
\c@textcitemaxnames=\count313
\c@biburlnumpenalty=\count314
\c@biburlucpenalty=\count315
\c@biburllcpenalty=\count316
\c@smartand=\count317
)
Package biblatex Info: Trying to load bibliography style 'caspervector'...
Package biblatex Info: ... file 'caspervector.bbx' found.

(/usr/local/texlive/2014/texmf-dist/tex/latex/biblatex-caspervector/caspervecto
r.bbx
File: caspervector.bbx 2014/05/24 v0.2.0 Casper Ti. Vector's biblatex bibliogra
phy style
Package biblatex Info: Trying to load bibliography style 'numeric'...
Package biblatex Info: ... file 'numeric.bbx' found.
 (/usr/local/texlive/2014/texmf-dist/tex/latex/biblatex/bbx/numeric.bbx
File: numeric.bbx 2014/06/25 v2.9a biblatex bibliography style (PK/JW/AB)
Package biblatex Info: Trying to load bibliography style 'standard'...
Package biblatex Info: ... file 'standard.bbx' found.

(/usr/local/texlive/2014/texmf-dist/tex/latex/biblatex/bbx/standard.bbx
File: standard.bbx 2014/06/25 v2.9a biblatex bibliography style (PK/JW/AB)
\c@bbx:relatedcount=\count318
\c@bbx:relatedtotal=\count319
)))
Package biblatex Info: Trying to load citation style 'caspervector'...
Package biblatex Info: ... file 'caspervector.cbx' found.

(/usr/local/texlive/2014/texmf-dist/tex/latex/biblatex-caspervector/caspervecto
r.cbx
File: caspervector.cbx 2014/05/24 v0.2.0 Casper Ti. Vector's biblatex citation 
style
Package biblatex Info: Trying to load citation style 'numeric-comp'...
Package biblatex Info: ... file 'numeric-comp.cbx' found.

(/usr/local/texlive/2014/texmf-dist/tex/latex/biblatex/cbx/numeric-comp.cbx
File: numeric-comp.cbx 2014/06/25 v2.9a biblatex citation style (PK/JW/AB)
\c@cbx@tempcnta=\count320
\c@cbx@tempcntb=\count321
Package biblatex Info: Redefining '\cite'.
Package biblatex Info: Redefining '\parencite'.
Package biblatex Info: Redefining '\footcite'.
Package biblatex Info: Redefining '\footcitetext'.
Package biblatex Info: Redefining '\smartcite'.
Package biblatex Info: Redefining '\supercite'.
Package biblatex Info: Redefining '\textcite'.
Package biblatex Info: Redefining '\textcites'.
Package biblatex Info: Redefining '\cites'.
Package biblatex Info: Redefining '\parencites'.
Package biblatex Info: Redefining '\smartcites'.
)
Package biblatex Info: Redefining '\cite'.
Package biblatex Info: Redefining '\supercite'.
)
Package biblatex Info: Trying to load configuration file...
Package biblatex Info: ... file 'biblatex.cfg' found.

(/usr/local/texlive/2014/texmf-dist/tex/latex/biblatex/biblatex.cfg
File: biblatex.cfg 
))
(/usr/local/texlive/2014/texmf-dist/tex/latex/biblatex-caspervector/biblatex-ca
spervector-utf8.def
File: biblatex-caspervector-utf8.def 2014/05/24 v0.2.0 Chinese punctuations and
 captions in UTF-8


Package biblatex Warning: Macro 'urldate' already defined.
(biblatex)                Using \renewbibmacro on input line 63.

)) (/usr/local/texlive/2014/texmf-dist/tex/latex/amsfonts/amssymb.sty
Package: amssymb 2013/01/14 v3.01 AMS font symbols

(/usr/local/texlive/2014/texmf-dist/tex/latex/amsfonts/amsfonts.sty
Package: amsfonts 2013/01/14 v3.01 Basic AMSFonts support
\@emptytoks=\toks21
\symAMSa=\mathgroup4
\symAMSb=\mathgroup5
LaTeX Font Info:    Overwriting math alphabet `\mathfrak' in version `bold'
(Font)                  U/euf/m/n --> U/euf/b/n on input line 106.
))
(/usr/local/texlive/2014/texmf-dist/tex/latex/morefloats/morefloats.sty
Package: morefloats 2012/01/28 v1.0f Raise limit of unprocessed floats (HMM; DH
)
Package morefloats Info: Maximum number of possible floats asked for: 36.
(morefloats)             LaTeX might run out of memory before this
(morefloats)             (in which case it will notify you).
(morefloats)              on input line 171.
\bx@S=\insert233
\bx@T=\insert232
\bx@U=\insert231
\bx@V=\insert230
\bx@W=\insert229
\bx@X=\insert228
\bx@Y=\insert227
\bx@Z=\insert226
\bx@AA=\insert225
\bx@AB=\insert224
\bx@AC=\insert223
\bx@AD=\insert222
\bx@AE=\insert221
\bx@AF=\insert220
\bx@AG=\insert219
\bx@AH=\insert218
\bx@AI=\insert217
\bx@AJ=\insert216
)
(/usr/local/texlive/2014/texmf-dist/tex/latex/graphics/lscape.sty
Package: lscape 2000/10/22 v3.01 Landscape Pages (DPC)
)
(/usr/local/texlive/2014/texmf-dist/tex/latex/multirow/multirow.sty
\bigstrutjot=\dimen160
)
(/usr/local/texlive/2014/texmf-dist/tex/latex/amsmath/amsmath.sty
Package: amsmath 2013/01/14 v2.14 AMS math features
\@mathmargin=\skip76

For additional information on amsmath, use the `?' option.
(/usr/local/texlive/2014/texmf-dist/tex/latex/amsmath/amstext.sty
Package: amstext 2000/06/29 v2.01

(/usr/local/texlive/2014/texmf-dist/tex/latex/amsmath/amsgen.sty
File: amsgen.sty 1999/11/30 v2.0
\@emptytoks=\toks22
\ex@=\dimen161
))
(/usr/local/texlive/2014/texmf-dist/tex/latex/amsmath/amsbsy.sty
Package: amsbsy 1999/11/29 v1.2d
\pmbraise@=\dimen162
)
(/usr/local/texlive/2014/texmf-dist/tex/latex/amsmath/amsopn.sty
Package: amsopn 1999/12/14 v2.01 operator names
)
\inf@bad=\count322
LaTeX Info: Redefining \frac on input line 210.
\uproot@=\count323
\leftroot@=\count324
LaTeX Info: Redefining \overline on input line 306.
\classnum@=\count325
\DOTSCASE@=\count326
LaTeX Info: Redefining \ldots on input line 378.
LaTeX Info: Redefining \dots on input line 381.
LaTeX Info: Redefining \cdots on input line 466.
\Mathstrutbox@=\box48
\strutbox@=\box49
\big@size=\dimen163
LaTeX Font Info:    Redeclaring font encoding OML on input line 566.
LaTeX Font Info:    Redeclaring font encoding OMS on input line 567.
\macc@depth=\count327
\c@MaxMatrixCols=\count328
\dotsspace@=\muskip17
\c@parentequation=\count329
\dspbrk@lvl=\count330
\tag@help=\toks23
\row@=\count331
\column@=\count332
\maxfields@=\count333
\andhelp@=\toks24
\eqnshift@=\dimen164
\alignsep@=\dimen165
\tagshift@=\dimen166
\tagwidth@=\dimen167
\totwidth@=\dimen168
\lineht@=\dimen169
\@envbody=\toks25
\multlinegap=\skip77
\multlinetaggap=\skip78
\mathdisplay@stack=\toks26
LaTeX Info: Redefining \[ on input line 2665.
LaTeX Info: Redefining \] on input line 2666.
)
(/usr/local/texlive/2014/texmf-dist/tex/latex/tools/bm.sty
Package: bm 2014/10/28 v1.1c Bold Symbol Support (DPC/FMi)
\symboldoperators=\mathgroup6
\symboldletters=\mathgroup7
\symboldsymbols=\mathgroup8
LaTeX Font Info:    Redeclaring math alphabet \mathbf on input line 137.
LaTeX Info: Redefining \bm on input line 203.
)
(/usr/local/texlive/2014/texmf-dist/tex/generic/epsf/epsf.sty
This is `epsf.tex' v2.7.4 <14 February 2011>
\epsffilein=\read2
\epsfframemargin=\dimen170
\epsfframethickness=\dimen171
\epsfrsize=\dimen172
\epsftmp=\dimen173
\epsftsize=\dimen174
\epsfxsize=\dimen175
\epsfysize=\dimen176
\pspoints=\dimen177
) (/usr/local/texlive/2014/texmf-dist/tex/latex/hyperref/hyperref.sty
Package: hyperref 2012/11/06 v6.83m Hypertext links for LaTeX

(/usr/local/texlive/2014/texmf-dist/tex/generic/oberdiek/hobsub-hyperref.sty
Package: hobsub-hyperref 2012/05/28 v1.13 Bundle oberdiek, subset hyperref (HO)


(/usr/local/texlive/2014/texmf-dist/tex/generic/oberdiek/hobsub-generic.sty
Package: hobsub-generic 2012/05/28 v1.13 Bundle oberdiek, subset generic (HO)
Package: hobsub 2012/05/28 v1.13 Construct package bundles (HO)
Package hobsub Info: Skipping package `infwarerr' (already loaded).
Package hobsub Info: Skipping package `ltxcmds' (already loaded).
Package hobsub Info: Skipping package `ifluatex' (already loaded).
Package hobsub Info: Skipping package `ifvtex' (already loaded).
Package: intcalc 2007/09/27 v1.1 Expandable calculations with integers (HO)
Package hobsub Info: Skipping package `ifpdf' (already loaded).
Package hobsub Info: Skipping package `etexcmds' (already loaded).
Package hobsub Info: Skipping package `kvsetkeys' (already loaded).
Package: kvdefinekeys 2011/04/07 v1.3 Define keys (HO)
Package: pdftexcmds 2011/11/29 v0.20 Utility functions of pdfTeX for LuaTeX (HO
)
Package pdftexcmds Info: LuaTeX not detected.
Package pdftexcmds Info: \pdf@primitive is available.
Package pdftexcmds Info: \pdf@ifprimitive is available.
Package pdftexcmds Info: \pdfdraftmode is ignored in DVI mode.
Package: pdfescape 2011/11/25 v1.13 Implements pdfTeX's escape features (HO)
Package: bigintcalc 2012/04/08 v1.3 Expandable calculations on big integers (HO
)
Package: bitset 2011/01/30 v1.1 Handle bit-vector datatype (HO)
Package: uniquecounter 2011/01/30 v1.2 Provide unlimited unique counter (HO)
)
Package hobsub Info: Skipping package `hobsub' (already loaded).
Package: letltxmacro 2010/09/02 v1.4 Let assignment for LaTeX macros (HO)
Package: hopatch 2012/05/28 v1.2 Wrapper for package hooks (HO)
Package: xcolor-patch 2011/01/30 xcolor patch
Package: atveryend 2011/06/30 v1.8 Hooks at the very end of document (HO)
Package: atbegshi 2011/10/05 v1.16 At begin shipout hook (HO)
Package: refcount 2011/10/16 v3.4 Data extraction from label references (HO)
Package: hycolor 2011/01/30 v1.7 Color options for hyperref/bookmark (HO)
)
(/usr/local/texlive/2014/texmf-dist/tex/latex/oberdiek/auxhook.sty
Package: auxhook 2011/03/04 v1.3 Hooks for auxiliary files (HO)
)
\@linkdim=\dimen178
\Hy@linkcounter=\count334
\Hy@pagecounter=\count335

(/usr/local/texlive/2014/texmf-dist/tex/latex/hyperref/pd1enc.def
File: pd1enc.def 2012/11/06 v6.83m Hyperref: PDFDocEncoding definition (HO)
Now handling font encoding PD1 ...
... no UTF-8 mapping file for font encoding PD1
)
\Hy@SavedSpaceFactor=\count336

(/usr/local/texlive/2014/texmf-dist/tex/latex/latexconfig/hyperref.cfg
File: hyperref.cfg 2002/06/06 v1.2 hyperref configuration of TeXLive
)
Package hyperref Info: Option `colorlinks' set `true' on input line 4319.
Package hyperref Info: Option `unicode' set `true' on input line 4319.

(/usr/local/texlive/2014/texmf-dist/tex/latex/hyperref/puenc.def
File: puenc.def 2012/11/06 v6.83m Hyperref: PDF Unicode definition (HO)
Now handling font encoding PU ...
... no UTF-8 mapping file for font encoding PU
)
Package hyperref Info: Option `colorlinks' set `true' on input line 4319.
Package hyperref Info: Hyper figures OFF on input line 4443.
Package hyperref Info: Link nesting OFF on input line 4448.
Package hyperref Info: Hyper index ON on input line 4451.
Package hyperref Info: Plain pages OFF on input line 4458.
Package hyperref Info: Backreferencing OFF on input line 4463.
Package hyperref Info: Implicit mode ON; LaTeX internals redefined.
Package hyperref Info: Bookmarks ON on input line 4688.
\c@Hy@tempcnt=\count337
LaTeX Info: Redefining \url on input line 5041.
\XeTeXLinkMargin=\dimen179
\Fld@menulength=\count338
\Field@Width=\dimen180
\Fld@charsize=\dimen181
Package hyperref Info: Hyper figures OFF on input line 6295.
Package hyperref Info: Link nesting OFF on input line 6300.
Package hyperref Info: Hyper index ON on input line 6303.
Package hyperref Info: backreferencing OFF on input line 6310.
Package hyperref Info: Link coloring ON on input line 6313.
Package hyperref Info: Link coloring with OCG OFF on input line 6320.
Package hyperref Info: PDF/A mode OFF on input line 6325.
LaTeX Info: Redefining \ref on input line 6365.
LaTeX Info: Redefining \pageref on input line 6369.
\Hy@abspage=\count339
\c@Item=\count340
\c@Hfootnote=\count341
)

Package hyperref Message: Driver: hdvipdfm.

(/usr/local/texlive/2014/texmf-dist/tex/latex/hyperref/hdvipdfm.def
File: hdvipdfm.def 2012/11/06 v6.83m Hyperref driver for dvipdfm
\pdfm@box=\box50
\c@Hy@AnnotLevel=\count342
\HyField@AnnotCount=\count343
\Fld@listcount=\count344
\c@bookmark@seq@number=\count345

(/usr/local/texlive/2014/texmf-dist/tex/latex/oberdiek/rerunfilecheck.sty
Package: rerunfilecheck 2011/04/15 v1.7 Rerun checks for auxiliary files (HO)
Package uniquecounter Info: New unique counter `rerunfilecheck' on input line 2
82.
)
\Hy@SectionHShift=\skip79
)
Package biblatex Info: Trying to load language 'english'...
Package biblatex Info: ... file 'english.lbx' found.

(/usr/local/texlive/2014/texmf-dist/tex/latex/biblatex/lbx/english.lbx
File: english.lbx 2014/06/25 v2.9a biblatex localization (PK/JW/AB)
)
\@quotelevel=\count346
\@quotereset=\count347

(./thesis.aux (./chap/copyright.aux) (./chap/abstract.aux)
(./chap/introduction.aux) (./chap/chap1.aux) (./chap/chap3.aux)
(./chap/chap2.aux) (./chap/conclusion.aux) (./chap/encl1.aux) (./chap/encl2.aux
) (./chap/acknowledge.aux) (./chap/originauth.aux))
\openout1 = `thesis.aux'.

LaTeX Font Info:    Checking defaults for OML/cmm/m/it on input line 100.
LaTeX Font Info:    ... okay on input line 100.
LaTeX Font Info:    Checking defaults for T1/cmr/m/n on input line 100.
LaTeX Font Info:    ... okay on input line 100.
LaTeX Font Info:    Checking defaults for OT1/cmr/m/n on input line 100.
LaTeX Font Info:    ... okay on input line 100.
LaTeX Font Info:    Checking defaults for OMS/cmsy/m/n on input line 100.
LaTeX Font Info:    ... okay on input line 100.
LaTeX Font Info:    Checking defaults for OMX/cmex/m/n on input line 100.
LaTeX Font Info:    ... okay on input line 100.
LaTeX Font Info:    Checking defaults for U/cmr/m/n on input line 100.
LaTeX Font Info:    ... okay on input line 100.
LaTeX Font Info:    Checking defaults for TS1/cmr/m/n on input line 100.
LaTeX Font Info:    ... okay on input line 100.
LaTeX Font Info:    Checking defaults for C00/song/m/n on input line 100.
LaTeX Font Info:    ... okay on input line 100.
LaTeX Font Info:    Checking defaults for C05/song/m/n on input line 100.
LaTeX Font Info:    ... okay on input line 100.
LaTeX Font Info:    Checking defaults for C09/song/m/n on input line 100.
LaTeX Font Info:    ... okay on input line 100.
LaTeX Font Info:    Checking defaults for C10/song/m/n on input line 100.
LaTeX Font Info:    ... okay on input line 100.
LaTeX Font Info:    Checking defaults for C20/song/m/n on input line 100.
LaTeX Font Info:    ... okay on input line 100.
LaTeX Font Info:    Checking defaults for C19/song/m/n on input line 100.
LaTeX Font Info:    ... okay on input line 100.
LaTeX Font Info:    Checking defaults for C40/song/m/n on input line 100.
LaTeX Font Info:    ... okay on input line 100.
LaTeX Font Info:    Checking defaults for C42/song/m/n on input line 100.
LaTeX Font Info:    ... okay on input line 100.
LaTeX Font Info:    Checking defaults for C43/song/m/n on input line 100.
LaTeX Font Info:    ... okay on input line 100.
LaTeX Font Info:    Checking defaults for C50/song/m/n on input line 100.
LaTeX Font Info:    ... okay on input line 100.
LaTeX Font Info:    Checking defaults for C52/song/m/n on input line 100.
LaTeX Font Info:    ... okay on input line 100.
LaTeX Font Info:    Checking defaults for C49/song/m/n on input line 100.
LaTeX Font Info:    ... okay on input line 100.
LaTeX Font Info:    Checking defaults for C60/mj/m/n on input line 100.
LaTeX Font Info:    ... okay on input line 100.
LaTeX Font Info:    Checking defaults for C61/mj/m/n on input line 100.
LaTeX Font Info:    ... okay on input line 100.
LaTeX Font Info:    Checking defaults for C63/mj/m/n on input line 100.
LaTeX Font Info:    ... okay on input line 100.
LaTeX Font Info:    Checking defaults for C64/mj/m/n on input line 100.
LaTeX Font Info:    ... okay on input line 100.
LaTeX Font Info:    Checking defaults for C65/mj/m/n on input line 100.
LaTeX Font Info:    ... okay on input line 100.
LaTeX Font Info:    Checking defaults for C70/song/m/n on input line 100.
LaTeX Font Info:    ... okay on input line 100.
LaTeX Font Info:    Checking defaults for C31/song/m/n on input line 100.
LaTeX Font Info:    ... okay on input line 100.
LaTeX Font Info:    Checking defaults for C32/song/m/n on input line 100.
LaTeX Font Info:    ... okay on input line 100.
LaTeX Font Info:    Checking defaults for C33/song/m/n on input line 100.
LaTeX Font Info:    ... okay on input line 100.
LaTeX Font Info:    Checking defaults for C34/song/m/n on input line 100.
LaTeX Font Info:    ... okay on input line 100.
LaTeX Font Info:    Checking defaults for C35/song/m/n on input line 100.
LaTeX Font Info:    ... okay on input line 100.
LaTeX Font Info:    Checking defaults for C36/song/m/n on input line 100.
LaTeX Font Info:    ... okay on input line 100.
LaTeX Font Info:    Checking defaults for C37/song/m/n on input line 100.
LaTeX Font Info:    ... okay on input line 100.
LaTeX Font Info:    Checking defaults for C80/song/m/n on input line 100.
LaTeX Font Info:    ... okay on input line 100.
LaTeX Font Info:    Checking defaults for C81/song/m/n on input line 100.
LaTeX Font Info:    ... okay on input line 100.
LaTeX Font Info:    Checking defaults for C01/song/m/n on input line 100.
LaTeX Font Info:    ... okay on input line 100.
LaTeX Font Info:    Checking defaults for C11/song/m/n on input line 100.
LaTeX Font Info:    ... okay on input line 100.
LaTeX Font Info:    Checking defaults for C21/song/m/n on input line 100.
LaTeX Font Info:    ... okay on input line 100.
LaTeX Font Info:    Checking defaults for C41/song/m/n on input line 100.
LaTeX Font Info:    ... okay on input line 100.
LaTeX Font Info:    Checking defaults for C62/song/m/n on input line 100.
LaTeX Font Info:    ... okay on input line 100.
LaTeX Font Info:    Checking defaults for PD1/pdf/m/n on input line 100.
LaTeX Font Info:    ... okay on input line 100.
LaTeX Font Info:    Checking defaults for PU/pdf/m/n on input line 100.
LaTeX Font Info:    ... okay on input line 100.

*geometry* driver: auto-detecting
*geometry* detected driver: dvips
*geometry* verbose mode - [ preamble ] result:
* driver: dvips
* paper: a4paper
* layout: <same size as paper>
* layoutoffset:(h,v)=(0.0pt,0.0pt)
* hratio: 1:1
* vratio: 1:1
* modes: includehead includefoot twoside 
* h-part:(L,W,R)=(85.35826pt, 426.79134pt, 85.35828pt)
* v-part:(T,H,B)=(81.09035pt, 682.86613pt, 81.09036pt)
* \paperwidth=597.50787pt
* \paperheight=845.04684pt
* \textwidth=426.79134pt
* \textheight=618.83379pt
* \oddsidemargin=13.08827pt
* \evensidemargin=13.08829pt
* \topmargin=8.82036pt
* \headheight=14.15855pt
* \headsep=19.8738pt
* \topskip=12.0pt
* \footskip=30.0pt
* \marginparwidth=98.0pt
* \marginparsep=7.0pt
* \columnsep=10.0pt
* \skip\footins=10.8pt plus 4.0pt minus 2.0pt
* \hoffset=0.0pt
* \voffset=0.0pt
* \mag=1000
* \@twocolumnfalse
* \@twosidetrue
* \@mparswitchtrue
* \@reversemarginfalse
* (1in=72.27pt=25.4mm, 1cm=28.453pt)

Package caption Info: Begin \AtBeginDocument code.
Package caption Info: hyperref package is loaded.
Package caption Info: End \AtBeginDocument code.
Package hyperref Info: Option `colorlinks' set `true' on input line 100.
Package biblatex Info: Input encoding 'UTF-8' specified.
Package biblatex Info: Automatic encoding selection.
(biblatex)             Assuming data encoding 'UTF-8'.
\openout3 = `thesis.bcf'.

Package biblatex Info: Trying to load bibliographic data...
Package biblatex Info: ... file 'thesis.bbl' found.
(./thesis.bbl)
Package biblatex Info: Reference section=0 on input line 100.
Package biblatex Info: Reference segment=0 on input line 100.
\AtBeginShipoutBox=\box51
 (/usr/local/texlive/2014/texmf-dist/tex/latex/graphics/color.sty
Package: color 2014/10/28 v1.1a Standard LaTeX Color (DPC)
LaTeX Info: Redefining \color on input line 76.
(/usr/local/texlive/2014/texmf-dist/tex/latex/latexconfig/color.cfg
File: color.cfg 2007/01/18 v1.5 color configuration of teTeX/TeXLive
)
Package color Info: Driver file: dvips.def on input line 137.

(/usr/local/texlive/2014/texmf-dist/tex/latex/graphics/dvipsnam.def
File: dvipsnam.def 2014/10/14 v3.0j Driver-dependent file (DPC,SPQR)
))
Package hyperref Info: Link coloring ON on input line 100.

(/usr/local/texlive/2014/texmf-dist/tex/latex/hyperref/nameref.sty
Package: nameref 2012/10/27 v2.43 Cross-referencing by name of section

(/usr/local/texlive/2014/texmf-dist/tex/generic/oberdiek/gettitlestring.sty
Package: gettitlestring 2010/12/03 v1.4 Cleanup title references (HO)
)
\c@section@level=\count348
)
LaTeX Info: Redefining \ref on input line 100.
LaTeX Info: Redefining \pageref on input line 100.
LaTeX Info: Redefining \nameref on input line 100.

(./thesis.out) (./thesis.out)
\@outlinefile=\write4
\openout4 = `thesis.out'.


(/usr/local/texlive/2014/texmf-dist/tex/latex/cjk/texinput/UTF8/UTF8.bdg
File: UTF8.bdg 2012/05/07 4.8.3
)
(/usr/local/texlive/2014/texmf-dist/tex/latex/cjk/texinput/UTF8/UTF8.enc
File: UTF8.enc 2012/05/07 4.8.3
)
(/usr/local/texlive/2014/texmf-dist/tex/latex/cjk/texinput/UTF8/UTF8.chr
File: UTF8.chr 2012/05/07 4.8.3
)
File: pkulogo.eps Graphic file (type eps)

<pkulogo.eps>
File: pkuword.eps Graphic file (type eps)
 <pkuword.eps>
LaTeX Font Info:    Try loading font information for C70+rm on input line 107.

(/usr/local/texlive/2014/texmf-dist/tex/latex/ctex/fd/c70rm.fd
File: c70rm.fd 2007/05/06 v0.8a ctexutf8 font definition file
)
Package CJKpunct Info: punctuation spaces for family 'zhsong' do not exist. Use
 family 'def' instead. on input line 107.
\pkuthss@tmp@linecount=\count349
LaTeX Font Info:    Try loading font information for U+msa on input line 107.

(/usr/local/texlive/2014/texmf-dist/tex/latex/amsfonts/umsa.fd
File: umsa.fd 2013/01/14 v3.01 AMS symbols A
)
LaTeX Font Info:    Try loading font information for U+msb on input line 107.

(/usr/local/texlive/2014/texmf-dist/tex/latex/amsfonts/umsb.fd
File: umsb.fd 2013/01/14 v3.01 AMS symbols B
)
LaTeX Font Info:    Try loading font information for C70+zhkai on input line 10
7.

(/usr/local/texlive/2014/texmf-dist/tex/latex/zhmetrics/c70zhkai.fd
File: c70zhkai.fd 2009/09/23 4.8.2
)
\pkuthss@tmp@linecount=\count350
\pkuthss@tmp@linecount=\count351
\pkuthss@tmp@linecount=\count352
\pkuthss@tmp@linecount=\count353
\pkuthss@tmp@linecount=\count354
Package CJKpunct Info: punctuation spaces for family 'zhkai' do not exist. Use 
family 'def' instead. on input line 107.
\pkuthss@tmp@linecount=\count355
 [1




]
\openout2 = `chap/copyright.aux'.


(./chap/copyright.tex [2


]) [3]
\openout2 = `chap/abstract.aux'.

 (./chap/abstract.tex [4



]
Package CJKpunct Info: punctuation spaces for family 'zhhei' do not exist. Use 
family 'def' instead. on input line 26.
 [5

] [6

] [7

]) [8]
(./thesis.toc [9



])
\tf@toc=\write5
\openout5 = `thesis.toc'.

 [10]
\openout2 = `chap/introduction.aux'.

 (./chap/introduction.tex [1



] [2]
Underfull \vbox (badness 10000) has occurred while \output is active []

 [3]
LaTeX Font Info:    Try loading font information for OMS+cmr on input line 148.


(/usr/local/texlive/2014/texmf-dist/tex/latex/base/omscmr.fd
File: omscmr.fd 2014/09/29 v2.5h Standard LaTeX font definitions
)
LaTeX Font Info:    Font shape `OMS/cmr/m/n' in size <12.05> not available
(Font)              Font shape `OMS/cmsy/m/n' tried instead on input line 148.
 [4]
Underfull \vbox (badness 10000) has occurred while \output is active []

 [5]
[6]
Underfull \vbox (badness 10000) has occurred while \output is active []

 [7]
Underfull \vbox (badness 10000) has occurred while \output is active []

 [8]
[9] [10]
Underfull \vbox (badness 10000) has occurred while \output is active []

 [11]
File: limit.ps Graphic file (type eps)

<limit.ps>
Underfull \vbox (badness 10000) has occurred while \output is active []

 [12]
Underfull \vbox (badness 10000) has occurred while \output is active []

 [13]
[14] [15] [16]) [17]
\openout2 = `chap/chap1.aux'.

 (./chap/chap1.tex [18



]

[19]
Underfull \vbox (badness 6348) has occurred while \output is active []

 [20]
[21] [22] [23] [24]

LaTeX Warning: Float too large for page by 72.80806pt on input line 202.

[25]

LaTeX Warning: Float too large for page by 72.80806pt on input line 248.

[26]
Underfull \vbox (badness 10000) has occurred while \output is active []

 [27




]
[28] [29]
Overfull \hbox (5.08923pt too wide) in paragraph at lines 391--394
[]\C70/rm/m/n/12.05/57 (\OT1/cmr/m/n/12.05 20cm\C70/rm/m/n/12.05/6c  \C70/rm/m
/n/12.05/6b |\C70/rm/m/n/12.05/ff ^^L| \C70/rm/m/n/12.05/62 ^^Q \C70/rm/m/n/12
.05/4e  \C70/rm/m/n/12.05/76  \C70/rm/m/n/12.05/7e  \C70/rm/m/n/12.05/67  \
C70/rm/m/n/12.05/4e ^^N K \C70/rm/m/n/12.05/52 M \C70/rm/m/n/12.05/53  \C70/rm
/m/n/12.05/88 h \C70/rm/m/n/12.05/76  \C70/rm/m/n/12.05/81 	 \C70/rm/m/n/12.05
/51  \C70/rm/m/n/12.05/8f n \C70/rm/m/n/12.05/5e  \C70/rm/m/n/12.05/4e ^^@ \C
70/rm/m/n/12.05/81 $[]$|\C70/rm/m/n/12.05/30 ^^B| \C70/rm/m/n/12.05/57 (\OT1/c
mr/m/n/12.05 10cm\C70/rm/m/n/12.05/6c 
 []

[30] [31] [32]
Overfull \hbox (4.19156pt too wide) in paragraph at lines 469--473
[]\C70/rm/m/n/12.05/4e K \C70/rm/m/n/12.05/52 M \C70/rm/m/n/12.05/5d  \C70/rm/
m/n/12.05/4f \ \C70/rm/m/n/12.05/53  \C70/rm/m/n/12.05/73  \C70/rm/m/n/12.05/
76  \C70/rm/m/n/12.05/5c > \C70/rm/m/n/12.05/90  \C70/rm/m/n/12.05/81 	 \C70/
rm/m/n/12.05/51  \C70/rm/m/n/12.05/62 ^^P \C70/rm/m/n/12.05/52 ^^F \C70/rm/m/n
/12.05/76  \C70/rm/m/n/12.05/97 ^\OT1/cmr/m/n/12.05 90\C70/rm/m/n/12.05/5e  \
C70/rm/m/n/12.05/50 O \C70/rm/m/n/12.05/63 / \C70/rm/m/n/12.05/4f M \C70/rm/m/n
/12.05/7f n \C70/rm/m/n/12.05/89  \C70/rm/m/n/12.05/8d  \C70/rm/m/n/12.05/53 
 \C70/rm/m/n/12.05/62 ^^Q \C70/rm/m/n/12.05/4e  \C70/rm/m/n/12.05/57 (\OT1/cm
r/m/n/12.05 10cm\C70/rm/m/n/12.05/54 \OT1/cmr/m/n/12.05 50cm\C70/rm/m/n/12.05/
4e _
 []


Underfull \vbox (badness 1776) has occurred while \output is active []

 [33]
Underfull \vbox (badness 2600) has occurred while \output is active []

 [34]
[35] [36]
Underfull \vbox (badness 3919) has occurred while \output is active []

 [37]
[38]

LaTeX Warning: Float too large for page by 59.80806pt on input line 688.

[39] [40] [41




]
Underfull \vbox (badness 10000) has occurred while \output is active []

 [42]
File: specIndex.ps Graphic file (type eps)

<specIndex.ps>
Overfull \hbox (6.82866pt too wide) in paragraph at lines 836--838
 [] 
 []

[43] [44]

LaTeX Warning: Float too large for page by 32.35808pt on input line 884.

[45]
File: 1713phaseSI.ps Graphic file (type eps)
 <1713phaseSI.ps>
Underfull \vbox (badness 1365) has occurred while \output is active []

 [46


]
Underfull \vbox (badness 10000) has occurred while \output is active []

 [47]
File: polHist.ps Graphic file (type eps)

<polHist.ps> [48]
Overfull \hbox (16.30936pt too wide) in paragraph at lines 969--1005
 [] 
 []


LaTeX Warning: Float too large for page by 5.00797pt on input line 1006.

[49]
Overfull \hbox (1.71417pt too wide) in paragraph at lines 1023--1023
[]\OT1/cmr/m/n/10.54 J0437$\OMS/cmsy/m/n/10.54 ^^@$\OT1/cmr/m/n/10.54 4715| 
 []


Overfull \hbox (1.71417pt too wide) in paragraph at lines 1024--1024
[]\OT1/cmr/m/n/10.54 J0613$\OMS/cmsy/m/n/10.54 ^^@$\OT1/cmr/m/n/10.54 0200| 
 []


Overfull \hbox (1.71417pt too wide) in paragraph at lines 1025--1025
[]\OT1/cmr/m/n/10.54 J0711$\OMS/cmsy/m/n/10.54 ^^@$\OT1/cmr/m/n/10.54 6830| 
 []


Overfull \hbox (1.71417pt too wide) in paragraph at lines 1026--1026
[]\OT1/cmr/m/n/10.54 J1017$\OMS/cmsy/m/n/10.54 ^^@$\OT1/cmr/m/n/10.54 7156| 
 []


Overfull \hbox (1.71417pt too wide) in paragraph at lines 1027--1027
[]\OT1/cmr/m/n/10.54 J1022$+$1001| 
 []


Overfull \hbox (1.71417pt too wide) in paragraph at lines 1029--1029
[]\OT1/cmr/m/n/10.54 J1024$\OMS/cmsy/m/n/10.54 ^^@$\OT1/cmr/m/n/10.54 0719| 
 []


Overfull \hbox (1.71417pt too wide) in paragraph at lines 1030--1030
[]\OT1/cmr/m/n/10.54 J1045$\OMS/cmsy/m/n/10.54 ^^@$\OT1/cmr/m/n/10.54 4509| 
 []


Overfull \hbox (1.71417pt too wide) in paragraph at lines 1031--1031
[]\OT1/cmr/m/n/10.54 J1446$\OMS/cmsy/m/n/10.54 ^^@$\OT1/cmr/m/n/10.54 4701| 
 []


Overfull \hbox (1.71417pt too wide) in paragraph at lines 1032--1032
[]\OT1/cmr/m/n/10.54 J1545$\OMS/cmsy/m/n/10.54 ^^@$\OT1/cmr/m/n/10.54 4550| 
 []


Overfull \hbox (1.71417pt too wide) in paragraph at lines 1033--1033
[]\OT1/cmr/m/n/10.54 J1600$\OMS/cmsy/m/n/10.54 ^^@$\OT1/cmr/m/n/10.54 3053| 
 []


Overfull \hbox (1.71417pt too wide) in paragraph at lines 1035--1035
[]\OT1/cmr/m/n/10.54 J1603$\OMS/cmsy/m/n/10.54 ^^@$\OT1/cmr/m/n/10.54 7202| 
 []


Overfull \hbox (1.71417pt too wide) in paragraph at lines 1036--1036
[]\OT1/cmr/m/n/10.54 J1643$\OMS/cmsy/m/n/10.54 ^^@$\OT1/cmr/m/n/10.54 1224| 
 []


Overfull \hbox (1.71417pt too wide) in paragraph at lines 1037--1037
[]\OT1/cmr/m/n/10.54 J1713$+$0747| 
 []


Overfull \hbox (1.71417pt too wide) in paragraph at lines 1038--1038
[]\OT1/cmr/m/n/10.54 J1730$\OMS/cmsy/m/n/10.54 ^^@$\OT1/cmr/m/n/10.54 2304| 
 []


Overfull \hbox (1.71417pt too wide) in paragraph at lines 1039--1039
[]\OT1/cmr/m/n/10.54 J1744$\OMS/cmsy/m/n/10.54 ^^@$\OT1/cmr/m/n/10.54 1134| 
 []


Overfull \hbox (9.61919pt too wide) in paragraph at lines 1041--1041
[]\OT1/cmr/m/n/10.54 J1824$\OMS/cmsy/m/n/10.54 ^^@$\OT1/cmr/m/n/10.54 2452A| 
 []


Overfull \hbox (1.71417pt too wide) in paragraph at lines 1042--1042
[]\OT1/cmr/m/n/10.54 J1832$\OMS/cmsy/m/n/10.54 ^^@$\OT1/cmr/m/n/10.54 0836| 
 []


Overfull \hbox (1.71417pt too wide) in paragraph at lines 1043--1043
[]\OT1/cmr/m/n/10.54 J1857$+$0943| 
 []


Overfull \hbox (1.71417pt too wide) in paragraph at lines 1044--1044
[]\OT1/cmr/m/n/10.54 J1909$\OMS/cmsy/m/n/10.54 ^^@$\OT1/cmr/m/n/10.54 3744| 
 []


Overfull \hbox (1.71417pt too wide) in paragraph at lines 1045--1045
[]\OT1/cmr/m/n/10.54 J1939$+$2134| 
 []


Overfull \hbox (1.71417pt too wide) in paragraph at lines 1047--1047
[]\OT1/cmr/m/n/10.54 J2124$\OMS/cmsy/m/n/10.54 ^^@$\OT1/cmr/m/n/10.54 3358| 
 []


Overfull \hbox (1.71417pt too wide) in paragraph at lines 1048--1048
[]\OT1/cmr/m/n/10.54 J2129$\OMS/cmsy/m/n/10.54 ^^@$\OT1/cmr/m/n/10.54 5721| 
 []


Overfull \hbox (1.71417pt too wide) in paragraph at lines 1049--1049
[]\OT1/cmr/m/n/10.54 J2145$\OMS/cmsy/m/n/10.54 ^^@$\OT1/cmr/m/n/10.54 0750| 
 []


Overfull \hbox (1.71417pt too wide) in paragraph at lines 1050--1050
[]\OT1/cmr/m/n/10.54 J2241$\OMS/cmsy/m/n/10.54 ^^@$\OT1/cmr/m/n/10.54 5236| 
 []


Overfull \hbox (29.8193pt too wide) in paragraph at lines 1016--1053
 [] 
 []


LaTeX Warning: Float too large for page by 5.00797pt on input line 1054.

[50]
Overfull \hbox (13.67578pt too wide) in paragraph at lines 1089--1101
|\C70/rm/m/n/12.05/ff ^^H|\C70/rm/m/n/12.05/4f  \C70/rm/m/n/12.05/59 \OT1/cmr
/m/n/12.05 PSRs J0613$\OMS/cmsy/m/n/12.05 ^^@$\OT1/cmr/m/n/12.05 0200|\C70/rm/m
/n/12.05/ff ^^L| \OT1/cmr/m/n/12.05 J0711$\OMS/cmsy/m/n/12.05 ^^@$\OT1/cmr/m/n/
12.05 6830|\C70/rm/m/n/12.05/ff ^^L| \OT1/cmr/m/n/12.05 J1045$\OMS/cmsy/m/n/12.
05 ^^@$\OT1/cmr/m/n/12.05 4509|\C70/rm/m/n/12.05/ff ^^L| \OT1/cmr/m/n/12.05 J16
43$\OMS/cmsy/m/n/12.05 ^^@$\OT1/cmr/m/n/12.05 1224|\C70/rm/m/n/12.05/ff ^^L|  \
OT1/cmr/m/n/12.05 J1824$\OMS/cmsy/m/n/12.05 ^^@$\OT1/cmr/m/n/12.05 2452A|\C70/r
m/m/n/12.05/ff 	||\C70/rm/m/n/12.05/30 ^^B|
 []


Overfull \hbox (8.75554pt too wide) in paragraph at lines 1089--1101
\C70/rm/m/n/12.05/4f F \C70/rm/m/n/12.05/66 /|\C70/rm/m/n/12.05/ff ^^L| \C70/rm
/m/n/12.05/51 v \C70/rm/m/n/12.05/4e  ^^@  \C70/rm/m/n/12.05/81 	 \C70/rm/m/n
/12.05/51  \C70/rm/m/n/12.05/66 ^^_ \C70/rm/m/n/12.05/76  \C70/rm/m/n/12.05/5
0 O \C70/rm/m/n/12.05/63 / \C70/rm/m/n/12.05/4f M \C70/rm/m/n/12.05/7f n \C70/r
m/m/n/12.05/89  \C70/rm/m/n/12.05/52 ^^Y \C70/rm/m/n/12.05/66 ^^N > \C70/rm/m/
n/12.05/50 O \C70/rm/m/n/12.05/79 $\OML/cmm/m/it/12.05 ^^U[]$ \C70/rm/m/n/12.0
5/76  \C70/rm/m/n/12.05/89  \C70/rm/m/n/12.05/5f  |\C70/rm/m/n/12.05/ff ^^H|
\C70/rm/m/n/12.05/4f  \C70/rm/m/n/12.05/59 \OT1/cmr/m/n/12.05 PSRs J1017$\OMS
/cmsy/m/n/12.05 ^^@$\OT1/cmr/m/n/12.05 7156|\C70/rm/m/n/12.05/ff ^^L|
 []


Overfull \hbox (10.81508pt too wide) in paragraph at lines 1089--1101
\OT1/cmr/m/n/12.05 J0437$\OMS/cmsy/m/n/12.05 ^^@$\OT1/cmr/m/n/12.05 4715|\C70/r
m/m/n/12.05/ff ^^L| \OT1/cmr/m/n/12.05 J1022$+$1001|\C70/rm/m/n/12.05/ff ^^L| \
OT1/cmr/m/n/12.05 J1730$\OMS/cmsy/m/n/12.05 ^^@$\OT1/cmr/m/n/12.05 2304|\C70/rm
/m/n/12.05/ff ^^L|  \OT1/cmr/m/n/12.05 J1744$\OMS/cmsy/m/n/12.05 ^^@$\OT1/cmr/m
/n/12.05 1134|\C70/rm/m/n/12.05/ff ^^L| \OT1/cmr/m/n/12.05 J1909$\OMS/cmsy/m/n/
12.05 ^^@$\OT1/cmr/m/n/12.05 3744|\C70/rm/m/n/12.05/ff ^^L| \OT1/cmr/m/n/12.05 
J2124$\OMS/cmsy/m/n/12.05 ^^@$\OT1/cmr/m/n/12.05 3358|\C70/rm/m/n/12.05/ff ^^L|

 []


Overfull \hbox (58.33452pt too wide) in paragraph at lines 1089--1101
\C70/rm/m/n/12.05/79  \C70/rm/m/n/12.05/67 ^^@ \C70/rm/m/n/12.05/4f s \C70/rm/
m/n/12.05/76  \C70/rm/m/n/12.05/62  \C70/rm/m/n/12.05/54 ^^H \C70/rm/m/n/12.0
5/7e  \C70/rm/m/n/12.05/67  \C70/rm/m/n/12.05/5f  \C70/rm/m/n/12.05/53  \C7
0/rm/m/n/12.05/80  \C70/rm/m/n/12.05/66 / \C70/rm/m/n/12.05/56  \C70/rm/m/n/1
2.05/4e : \C70/rm/m/n/12.05/81 	 \C70/rm/m/n/12.05/51  \C70/rm/m/n/12.05/8f n 
\C70/rm/m/n/12.05/5e  \C70/rm/m/n/12.05/8f  \C70/rm/m/n/12.05/4f N \C70/rm/m/
n/12.05/76  \C70/rm/m/n/12.05/4f  \C70/rm/m/n/12.05/56 j \C70/rm/m/n/12.05/6b
 |\C70/rm/m/n/12.05/30 ^^B| \C70/rm/m/n/12.05/5b \OT1/cmr/m/n/12.05 PSRs J160
3$\OMS/cmsy/m/n/12.05 ^^@$\OT1/cmr/m/n/12.05 7202\C70/rm/m/n/12.05/54 \OT1/cmr
/m/n/12.05 J2145$\OMS/cmsy/m/n/12.05 ^^@$\OT1/cmr/m/n/12.05 0750|\C70/rm/m/n/12
.05/ff ^^L|
 []

[51




]
File: rm.ps Graphic file (type eps)
 <rm.ps>
Overfull \hbox (6.82866pt too wide) in paragraph at lines 1126--1129
 [] 
 []

[52] [53]
Overfull \hbox (8.32976pt too wide) in paragraph at lines 1140--1174
 [][] 
 []


LaTeX Warning: Float too large for page by 16.7296pt on input line 1182.

[54]
Underfull \vbox (badness 1742) has occurred while \output is active []

 [55


]
[56]
Underfull \vbox (badness 10000) has occurred while \output is active []

 [57]
File: template.ps Graphic file (type eps)

<template.ps>
File: prof1022.ps Graphic file (type eps)
 <prof1022.ps> [58] [59] [60]
Underfull \vbox (badness 10000) has occurred while \output is active []

 [61]
File: dynSpec.eps Graphic file (type eps)

<dynSpec.eps>
File: obsT.ps Graphic file (type eps)
 <obsT.ps>
File: obsDyn.ps Graphic file (type eps)
 <obsDyn.ps> [62] [63]
Underfull \vbox (badness 10000) has occurred while \output is active []

 [64]
Overfull \hbox (46.86719pt too wide) detected at line 1505
[]\OML/cmm/m/it/12.05 ^^_[]\OT1/cmr/m/n/12.05 (\OML/cmm/m/it/12.05 ^^\[]; DM; b
[]; :::; b[]\OT1/cmr/m/n/12.05 ) = [][\OML/cmm/m/it/12.05 ^^[[] []\OT1/cmr/m/n/
12.05 (\OML/cmm/m/it/12.05 P[] \OT1/cmr/m/n/12.05 + \OML/cmm/m/it/12.05 b[]S[]\
OT1/cmr/m/n/12.05 ) \OMS/cmsy/m/n/12.05 ^^@ \OT1/cmr/m/n/12.05 2\OML/cmm/m/it/1
2.05 b[]^^[[] [] P[]S[] []\OT1/cmr/m/n/12.05 (\OML/cmm/m/it/12.05 ^^^[] \OMS/cm
sy/m/n/12.05 ^^@ \OML/cmm/m/it/12.05 ^^R[] \OT1/cmr/m/n/12.05 + \OML/cmm/m/it/1
2.05 k^^\[]\OT1/cmr/m/n/12.05 )]\OML/cmm/m/it/12.05 :
 []


Underfull \vbox (badness 10000) has occurred while \output is active []

 [65]
Underfull \vbox (badness 1796) has occurred while \output is active []

 [66]
[67] [68]
File: sim3.ps Graphic file (type eps)
 <sim3.ps>
Underfull \vbox (badness 3623) has occurred while \output is active []

 [69]
[70]
File: 1713.ps Graphic file (type eps)
 <1713.ps>
Underfull \vbox (badness 7099) has occurred while \output is active []

 [71]
Overfull \hbox (0.27481pt too wide) in paragraph at lines 1781--1783
[]\C70/rm/m/n/12.05/62 ^^Q \C70/rm/m/n/12.05/4e  \C70/rm/m/n/12.05/99  \C70/r
m/m/n/12.05/51 H \C70/rm/m/n/12.05/8b   \C70/rm/m/n/12.05/76  \C70/rm/m/n/12
.05/52 M \C70/rm/m/n/12.05/76 \OT1/cmr/m/n/12.05 PTA\C70/rm/m/n/12.05/78 ^^T \
C70/rm/m/n/12.05/7a v \C70/rm/m/n/12.05/72  \C70/rm/m/n/12.05/60 ^^A \C70/rm/m
/n/12.05/4e  \C70/rm/m/n/12.05/53  \C70/rm/m/n/12.05/4e ; \C70/rm/m/n/12.05/8
9  \C70/rm/m/n/12.05/76  \C70/rm/m/n/12.05/79  \C70/rm/m/n/12.05/5b f \C70/r
m/m/n/12.05/76  \C70/rm/m/n/12.05/68 ^^G|\C70/rm/m/n/12.05/ff ^^L| \C70/rm/m/n
/12.05/71 6 \C70/rm/m/n/12.05/54 ^^N \C70/rm/m/n/12.05/51  \C70/rm/m/n/12.05/8
b  \OT1/cmr/m/n/12.05 FAST\C70/rm/m/n/12.05/59 
 []

[72]
Underfull \vbox (badness 10000) has occurred while \output is active []

 [73]
Underfull \vbox (badness 10000) has occurred while \output is active []

 [74]
File: timeDiff.ps Graphic file (type eps)

<timeDiff.ps>
File: timeDiff2010.ps Graphic file (type eps)
 <timeDiff2010.ps>
Underfull \vbox (badness 5519) has occurred while \output is active []

 [75]
File: ephem1.ps Graphic file (type eps)

<ephem1.ps>
File: ephem2.ps Graphic file (type eps)
 <ephem2.ps> [76]
Overfull \hbox (13.57147pt too wide) in paragraph at lines 1902--1908
[]\C70/rm/m/n/12.05/4e :  \C70/rm/m/n/12.05/98  \C70/rm/m/n/12.05/8b  \C70/r
m/m/n/12.05/62 ^^Q \C70/rm/m/n/12.05/4e  \C70/rm/m/n/12.05/67 ^^_ \C70/rm/m/n/
12.05/5f  \C70/rm/m/n/12.05/76  \C70/rm/m/n/12.05/8b  \C70/rm/m/n/12.05/5d 
|\C70/rm/m/n/12.05/ff ^^L| \C70/rm/m/n/12.05/62 ^^Q \C70/rm/m/n/12.05/4e  \C70
/rm/m/n/12.05/5b  \C70/rm/m/n/12.05/6b  \C70/rm/m/n/12.05/4e  \C70/rm/m/n/12
.05/57 (\OT1/cmr/m/n/12.05 30\C70/rm/m/n/12.05/5e t \C70/rm/m/n/12.05/76  \C70
/rm/m/n/12.05/8d  \C70/rm/m/n/12.05/5e  \C70/rm/m/n/12.05/4e 
|\C70/rm/m/n/12.05/ff ^^L| \C70/rm/m/n/12.05/4f ^^? \C70/rm/m/n/12.05/75 (\OT1/
cmr/m/n/12.05 DE421\C70/rm/m/n/12.05/54 \OT1/cmr/m/n/12.05 DE414\C70/rm/m/n/12
.05/8b 
 []

[77]
File: spectra1.ps Graphic file (type eps)
 <spectra1.ps>
Underfull \vbox (badness 5490) has occurred while \output is active []

 [78]
[79] [80]
Overfull \hbox (37.82327pt too wide) in paragraph at lines 2043--2088
[][] 
 []

[81] [82]
File: noiseLimits.ps Graphic file (type eps)
 <noiseLimits.ps>
Underfull \hbox (badness 1292) in paragraph at lines 2123--2123
\OT1/cmr/m/n/12.05 10[]$\C70/rm/m/it/12.05/54 $\OT1/cmr/m/n/12.05 10[]$  |\C70
/rm/m/it/12.05/ff ^^H|\C70/rm/m/it/12.05/70  \C70/rm/m/it/12.05/7e |\C70/rm/m
/it/12.05/ff 	||\C70/rm/m/it/12.05/30 ^^B| \C70/rm/m/it/12.05/62 ^^Q \C70/rm/m/
it/12.05/4e  _ \C70/rm/m/it/12.05/7e  \C70/rm/m/it/12.05/51  \C70/rm/m/it/12
.05/4e  \C70/rm/m/it/12.05/57 (\OT1/cmr/m/it/12.05 20cm\C70/rm/m/it/12.05/6c 
 \C70/rm/m/it/12.05/6b |\C70/rm/m/it/12.05/ff ^^L| \C70/rm/m/it/12.05/75 1\OT1
/cmr/m/it/12.05 DM\C70/rm/m/it/12.05/76  \C70/rm/m/it/12.05/53  ^^V \C70/rm/m
/it/12.05/5b  \C70/rm/m/it/12.05/81  \C70/rm/m/it/12.05/76 
 []


Underfull \hbox (badness 1596) in paragraph at lines 2123--2123
\C70/rm/m/it/12.05/56 j \C70/rm/m/it/12.05/58  \C70/rm/m/it/12.05/76  \C70/rm
/m/it/12.05/8c 1 |\C70/rm/m/it/12.05/ff ^^H|\C70/rm/m/it/12.05/7e  \C70/rm/m/i
t/12.05/82 r \C70/rm/m/it/12.05/70  \C70/rm/m/it/12.05/86 Z \C70/rm/m/it/12.05
/7e |\C70/rm/m/it/12.05/ff 	||\C70/rm/m/it/12.05/30 ^^B| \C70/rm/m/it/12.05/4f
 \ \C70/rm/m/it/12.05/4e : \C70/rm/m/it/12.05/53  \C70/rm/m/it/12.05/80 ^^C|\C
70/rm/m/it/12.05/ff ^^L| \C70/rm/m/it/12.05/62 ^^Q \C70/rm/m/it/12.05/4e  \C70
/rm/m/it/12.05/8f  \C70/rm/m/it/12.05/7e  \C70/rm/m/it/12.05/51  \C70/rm/m/i
t/12.05/4e  $ \C70/rm/m/it/12.05/98  \C70/rm/m/it/12.05/81 	 \C70/rm/m/it/12.
05/51  \C70/rm/m/it/12.05/66 ^^_\OT1/cmr/m/it/12.05 PSRs
 []


Underfull \vbox (badness 2903) has occurred while \output is active []

 [83]
[84]
File: fastPsrsSelect.ps Graphic file (type eps)
 <fastPsrsSelect.ps> [85] [86]
Overfull \hbox (5.59943pt too wide) in paragraph at lines 2203--2213
\OT1/cmr/m/n/12.05 PSR J1903$+$0327\C70/rm/m/n/12.05/57 (\OT1/cmr/m/n/12.05 FAS
T\C70/rm/m/n/12.05/76  \C70/rm/m/n/12.05/53  \C70/rm/m/n/12.05/89  \C70/rm/m
/n/12.05/6d K \C70/rm/m/n/12.05/59 ) \C70/rm/m/n/12.05/53 : \C70/rm/m/n/12.05/5
1 |\C70/rm/m/n/12.05/30 ^^B| \C70/rm/m/n/12.05/8f  \C70/rm/m/n/12.05/4e  \C7
0/rm/m/n/12.05/81 	 \C70/rm/m/n/12.05/51  \C70/rm/m/n/12.05/66 ^^_ / \C70/rm/m
/n/12.05/57 ( \C70/rm/m/n/12.05/67 ^^@ \C70/rm/m/n/12.05/8f  \C70/rm/m/n/12.05
/76 \OT1/cmr/m/n/12.05 Arecibo\C70/rm/m/n/12.05/54 \OT1/cmr/m/n/12.05 Parkes
 []

[87]) [88]
\openout2 = `chap/chap3.aux'.

 (./chap/chap3.tex

[89



] [90] [91] [92]
File: map_event_ns.eps Graphic file (type eps)
 <map_event_ns.eps> [93] [94]
Underfull \vbox (badness 1082) has occurred while \output is active []

 [95]
[96]
File: timescale.eps Graphic file (type eps)
 <timescale.eps>
File: time_beta.eps Graphic file (type eps)
 <time_beta.eps>
File: map_timescale.eps Graphic file (type eps)
 <map_timescale.eps> [97] [98]
File: ratio.eps Graphic file (type eps)
 <ratio.eps>
File: ratio_beta.eps Graphic file (type eps)

<ratio_beta.eps>
Underfull \vbox (badness 2538) has occurred while \output is active []

 [99]
File: map_percentage.eps Graphic file (type eps)

<map_percentage.eps>
Underfull \vbox (badness 10000) has occurred while \output is active []

 [100]
[101] [102] [103]
File: u0_mass.eps Graphic file (type eps)
 <u0_mass.eps>
File: mass_6.eps Graphic file (type eps)
 <mass_6.eps>
File: mass_7.eps Graphic file (type eps)
 <mass_7.eps>
File: masses.eps Graphic file (type eps)
 <masses.eps> [104]
Underfull \vbox (badness 10000) has occurred while \output is active []

 [105]
[106] [107] [108]) [109]
\openout2 = `chap/chap2.aux'.

 (./chap/chap2.tex [110



]


Overfull \hbox (19.17862pt too wide) in paragraph at lines 56--95
 [][] 
 []


Overfull \hbox (2.55286pt too wide) in paragraph at lines 102--123
 [][] 
 []

[111] [112]
Overfull \hbox (4.15726pt too wide) in paragraph at lines 146--152
[]\C70/rm/m/n/12.05/53  \C70/rm/m/n/12.05/5e 8\OT1/cmr/m/n/12.05 X\C70/rm/m/n/
12.05/5c ^^D \C70/rm/m/n/12.05/7e  \C70/rm/m/n/12.05/81 	 \C70/rm/m/n/12.05/51
  \C70/rm/m/n/12.05/66 ^^_ \C70/rm/m/n/12.05/54  \C70/rm/m/n/12.05/8f o \C70/
rm/m/n/12.05/4f = \C70/rm/m/n/12.05/9a l \C70/rm/m/n/12.05/5c ^^D \C70/rm/m/n/1
2.05/7e  \C70/rm/m/n/12.05/91  \C70/rm/m/n/12.05/59 ^^M \C70/rm/m/n/12.05/72 
^^F \C70/rm/m/n/12.05/76  \C70/rm/m/n/12.05/78 l\OT1/cmr/m/n/12.05 X\C70/rm/m/
n/12.05/5c ^^D \C70/rm/m/n/12.05/7e  \C70/rm/m/n/12.05/8f  \C70/rm/m/n/12.05/
5c ^^D \C70/rm/m/n/12.05/66 / \C70/rm/m/n/12.05/99  \C70/rm/m/n/12.05/51 H \C7
0/rm/m/n/12.05/88 \OT1/cmr/m/n/12.05 INTEGRAL\C70/rm/m/n/12.05/53 k
 []


Underfull \vbox (badness 10000) has occurred while \output is active []

 [113]
File: PPdot.eps Graphic file (type eps)

<PPdot.eps>
Underfull \hbox (badness 6592) in paragraph at lines 194--194
[]\C70/rm/m/it/12.05/56  \OT1/cmr/m/it/12.05 3.1: |\C70/rm/m/it/12.05/81 	 \C7
0/rm/m/it/12.05/51  \C70/rm/m/it/12.05/66 ^^_ \C70/rm/m/it/12.05/76 \OT1/cmr/
m/it/12.05 P-$[]$\C70/rm/m/it/12.05/56 $[]$|\C70/rm/m/it/12.05/30 ^^B| \C70/rm
/m/it/12.05/65  \C70/rm/m/it/12.05/5f b \C70/rm/m/it/12.05/70  \C70/rm/m/it/1
2.05/4e  \C70/rm/m/it/12.05/88 h \C70/rm/m/it/12.05/53  \C70/rm/m/it/12.05/5e
 8\OT1/cmr/m/it/12.05 X\C70/rm/m/it/12.05/5c ^^D \C70/rm/m/it/12.05/7e  \C70/r
m/m/it/12.05/81 	 \C70/rm/m/it/12.05/51  \C70/rm/m/it/12.05/66 ^^_ \C70/rm/m/i
t/12.05/54  \C70/rm/m/it/12.05/8f o
 []


Underfull \hbox (badness 7685) in paragraph at lines 194--194
\C70/rm/m/it/12.05/4f = \C70/rm/m/it/12.05/9a l \C70/rm/m/it/12.05/5c ^^D \C70/
rm/m/it/12.05/7e  \C70/rm/m/it/12.05/91  \C70/rm/m/it/12.05/59 ^^M \C70/rm/m/
it/12.05/72 ^^F|\C70/rm/m/it/12.05/ff ^^L| \C70/rm/m/it/12.05/51 m \C70/rm/m/it
/12.05/89  \C70/rm/m/it/12.05/66 ^^_ \C70/rm/m/it/12.05/4e  \C70/rm/m/it/12.0
5/88 h \C70/rm/m/it/12.05/5c ^^D \C70/rm/m/it/12.05/75 5 \C70/rm/m/it/12.05/56 
j \C70/rm/m/it/12.05/76  \C70/rm/m/it/12.05/78  \C70/rm/m/it/12.05/66 ^^_|\C7
0/rm/m/it/12.05/ff ^^L| \C70/rm/m/it/12.05/54 ^^Q \C70/rm/m/it/12.05/4e  \C70/
rm/m/it/12.05/76  \C70/rm/m/it/12.05/7b  \C70/rm/m/it/12.05/59 4 \C70/rm/m/it
/12.05/4e 
 []


Underfull \hbox (badness 10000) in paragraph at lines 194--194
\C70/rm/m/it/12.05/88 h \C70/rm/m/it/12.05/4f N \C70/rm/m/it/12.05/78  \C70/rm
/m/it/12.05/57 : \C70/rm/m/it/12.05/76  \C70/rm/m/it/12.05/8f o \C70/rm/m/it/1
2.05/4f = \C70/rm/m/it/12.05/9a l \C70/rm/m/it/12.05/5c ^^D \C70/rm/m/it/12.05/
7e  \C70/rm/m/it/12.05/91  \C70/rm/m/it/12.05/59 ^^M \C70/rm/m/it/12.05/72 ^^
F |\C70/rm/m/it/12.05/ff ^^H|\C70/rm/m/it/12.05/65 p \C70/rm/m/it/12.05/63 n \C
70/rm/m/it/12.05/67 e \C70/rm/m/it/12.05/81 \OT1/cmr/m/it/12.05 McGill on-line
 cat-a-log:
 []


Underfull \hbox (badness 10000) in paragraph at lines 194--194
\OT1/cmr/m/it/12.05 http://www.physics.mcgill.ca/$\OMS/cmsy/m/n/12.05 ^^X$\OT1/
cmr/m/it/12.05 pulsar/magnetar/main.html|\C70/rm/m/it/12.05/ff 	||\C70/rm/m/it/
12.05/30 ^^B| \C70/rm/m/it/12.05/83  \C70/rm/m/it/12.05/5f b \C70/rm/m/it/12.0
5/4e  \C70/rm/m/it/12.05/88 h\OT1/cmr/m/it/12.05 X\C70/rm/m/it/12.05/5c ^^D
 []

[114] [115] [116] [117]
File: 10ms_comptb_po.ps Graphic file (type eps)
 <10ms_comptb_po.ps>
File: 1ms_comptb_po.ps Graphic file (type eps)
 <1ms_comptb_po.ps>
File: 1708spe.eps Graphic file (type eps)
 <1708spe.eps>
File: 1547spe.eps Graphic file (type eps)

<1547spe.eps>
File: 1806spe.eps Graphic file (type eps)
 <1806spe.eps>
File: 0501spe.eps Graphic file (type eps)
 <0501spe.eps>
Underfull \vbox (badness 2884) has occurred while \output is active []

 [118]
[119]) [120]
\openout2 = `chap/conclusion.aux'.

 (./chap/conclusion.tex [121



]
Underfull \vbox (badness 10000) has occurred while \output is active []

 [122])
[123] [124


] [125]
Overfull \hbox (1.41171pt too wide) in paragraph at lines 138--138
[]\OT1/cmr/m/n/12.05 P. Chat-ter-jee, L. Hern-quist and R. Narayan. ``\OT1/cmr/
m/it/12.05 An Ac-cre-tion Model for Anoma-
 []


Overfull \hbox (2.75676pt too wide) in paragraph at lines 138--138
[]\OT1/cmr/m/n/12.05 T. J. Chester and S. A. But-man. ``\OT1/cmr/m/it/12.05 Nav
-i-ga-tion Us-ing X-Ray Pul-sars\OT1/cmr/m/n/12.05 ''. \OT1/cmr/m/it/12.05 Tele
com-
 []

[126] [127] [128]
Overfull \hbox (14.78381pt too wide) in paragraph at lines 138--138
[]\OT1/cmr/m/n/12.05 M. Fe-roci \OT1/cmr/m/it/12.05 et al. \OT1/cmr/m/n/12.05 `
`\OT1/cmr/m/it/12.05 Broad-band X-Ray Spec-tra of Short Bursts from SGR 1900+14
\OT1/cmr/m/n/12.05 ''.
 []


Overfull \hbox (17.65344pt too wide) in paragraph at lines 138--138
[]\OT1/cmr/m/n/12.05 P. C. C. Freire \OT1/cmr/m/it/12.05 et al. \OT1/cmr/m/n/12
.05 ``\OT1/cmr/m/it/12.05 The rel-a-tivis-tic pulsar-white dwarf bi-nary PSR J1
738+0333
 []

[129]
Overfull \hbox (1.11377pt too wide) in paragraph at lines 138--138
[]\OT1/cmr/m/n/12.05 J. Gil and A. Krawczyk. ``\OT1/cmr/m/it/12.05 Pul-sar beam
s - conal not patchy\OT1/cmr/m/n/12.05 ''. \OT1/cmr/m/it/12.05 MN-RAS\OT1/cmr/m
/n/12.05 , 1996[]05:
 []

[130]
Overfull \hbox (3.92982pt too wide) in paragraph at lines 138--138
[]\OT1/cmr/m/n/12.05 G. Hobbs \OT1/cmr/m/it/12.05 et al. \OT1/cmr/m/n/12.05 ``\
OT1/cmr/m/it/12.05 De-vel-op-ment of a pulsar-based time-scale\OT1/cmr/m/n/12.0
5 ''. \OT1/cmr/m/it/12.05 MN-RAS\OT1/cmr/m/n/12.05 , 2012[]12:
 []

[131] [132] [133]
Overfull \hbox (28.48788pt too wide) in paragraph at lines 138--138
[]\OT1/cmr/m/n/12.05 M. Kramer \OT1/cmr/m/it/12.05 et al. \OT1/cmr/m/n/12.05 ``
\OT1/cmr/m/it/12.05 Pro-file In-sta-bil-i-ties of the Mil-lisec-ond Pul-sar PSR
 J1022+1001\OT1/cmr/m/n/12.05 ''.
 []

[134]
Overfull \hbox (3.7039pt too wide) in paragraph at lines 138--138
\OT1/cmr/m/it/12.05 Anoma-lous X-Ray Pul-sars 1RXS J1708-4009, 4U 0142+61, and 
1E 2259+586
 []

[135] [136]
Overfull \hbox (12.82837pt too wide) in paragraph at lines 138--138
[]\OT1/cmr/m/n/12.05 R. N. Manch-ester. ``\OT1/cmr/m/it/12.05 Pul-sar Ra-dio an
d Gamma-Ray Emis-sion\OT1/cmr/m/n/12.05 ''. \OT1/cmr/m/it/12.05 Ap&SS\OT1/cmr/m
/n/12.05 , 2005[]06:
 []


Overfull \hbox (1.82562pt too wide) in paragraph at lines 138--138
[]\OT1/cmr/m/n/12.05 S. Mao and B. Paczyn-ski. ``\OT1/cmr/m/it/12.05 Mass De-te
r-mi-na-tion with Grav-i-ta-tional Mi-crolens-
 []

[137]
Overfull \hbox (8.52002pt too wide) in paragraph at lines 138--138
[]\OT1/cmr/m/n/12.05 S. Mereghetti \OT1/cmr/m/it/12.05 et al. \OT1/cmr/m/n/12.0
5 ``\OT1/cmr/m/it/12.05 The First XMM-Newton Ob-ser-va-tions of the Soft Gamma-

 []

[138] [139]
Overfull \hbox (1.87288pt too wide) in paragraph at lines 138--138
[]\OT1/cmr/m/n/12.05 B. Paczyn-ski. ``\OT1/cmr/m/it/12.05 Grav-i-ta-tional Mi-c
rolens-ing in the Lo-cal Group\OT1/cmr/m/n/12.05 ''. \OT1/cmr/m/it/12.05 ARAA\O
T1/cmr/m/n/12.05 , \OT1/cmr/bx/n/12.05 1996\OT1/cmr/m/n/12.05 ,
 []

[140]
Overfull \hbox (6.81569pt too wide) in paragraph at lines 138--138
[]\OT1/cmr/m/n/12.05 N. Rea \OT1/cmr/m/it/12.05 et al. \OT1/cmr/m/n/12.05 ``\OT
1/cmr/m/it/12.05 A Low-Magnetic-Field Soft Gamma Re-peater\OT1/cmr/m/n/12.05 ''
. \OT1/cmr/m/it/12.05 Sci-ence\OT1/cmr/m/n/12.05 , 2010[]11:
 []

[141]
Overfull \hbox (12.80898pt too wide) in paragraph at lines 138--138
\OT1/cmr/m/it/12.05 cused Tele-scope As-sets WFIRST-AFTA Fi-nal Re-port\OT1/cmr
/m/n/12.05 ''. \OT1/cmr/m/it/12.05 ArXiv e-prints\OT1/cmr/m/n/12.05 , 2013[]05.
 
 []


Overfull \hbox (5.65385pt too wide) in paragraph at lines 138--138
[]\OT1/cmr/m/n/12.05 D. Stine-bring. ``\OT1/cmr/m/it/12.05 Ef-fects of the in-t
er-stel-lar medium on de-tec-tion of low-frequency
 []

[142] [143] [144]
Overfull \hbox (5.68752pt too wide) in paragraph at lines 138--138
[]\OT1/cmr/m/n/12.05 A. L. Watts and T. E. Strohmayer. ``\OT1/cmr/m/it/12.05 De
-tec-tion with RHESSI of High-Frequency
 []

[145] [146] [147]
\openout2 = `chap/encl1.aux'.

 (./chap/encl1.tex [148


]
\hspace {0.25em plus 0.125em minus 0.08em}\ignorespaces A
File: 0437.ps Graphic file (type eps)
<0437.ps>
Overfull \hbox (6.82866pt too wide) in paragraph at lines 9--10
 [] 
 []

File: 0613.ps Graphic file (type eps)
<0613.ps>
Overfull \hbox (6.82866pt too wide) in paragraph at lines 17--18
 [] 
 []

File: 0711.ps Graphic file (type eps)
<0711.ps>
Overfull \hbox (6.82866pt too wide) in paragraph at lines 25--26
 [] 
 []

File: 1017.ps Graphic file (type eps)
<1017.ps>
Overfull \hbox (6.82866pt too wide) in paragraph at lines 33--34
 [] 
 []

File: 1022.ps Graphic file (type eps)
<1022.ps>
Overfull \hbox (6.82866pt too wide) in paragraph at lines 41--42
 [] 
 []

File: 1024.ps Graphic file (type eps)
<1024.ps>
Overfull \hbox (6.82866pt too wide) in paragraph at lines 49--50
 [] 
 []

File: 1045.ps Graphic file (type eps)
<1045.ps>
Overfull \hbox (6.82866pt too wide) in paragraph at lines 57--58
 [] 
 []

File: 1446.ps Graphic file (type eps)
<1446.ps>
Overfull \hbox (6.82866pt too wide) in paragraph at lines 65--66
 [] 
 []

File: 1545.ps Graphic file (type eps)
<1545.ps>
Overfull \hbox (6.82866pt too wide) in paragraph at lines 73--74
 [] 
 []

File: 1600.ps Graphic file (type eps)
<1600.ps>
Overfull \hbox (6.82866pt too wide) in paragraph at lines 81--82
 [] 
 []

File: 1603.ps Graphic file (type eps)
<1603.ps>
Overfull \hbox (6.82866pt too wide) in paragraph at lines 89--90
 [] 
 []

File: 1643.ps Graphic file (type eps)
<1643.ps>
Overfull \hbox (6.82866pt too wide) in paragraph at lines 97--98
 [] 
 []

File: 1713.ps Graphic file (type eps)
<1713.ps>
Overfull \hbox (6.82866pt too wide) in paragraph at lines 105--106
 [] 
 []

File: 1730.ps Graphic file (type eps)
<1730.ps>
Overfull \hbox (6.82866pt too wide) in paragraph at lines 113--114
 [] 
 []

File: 1744.ps Graphic file (type eps)
<1744.ps>
Overfull \hbox (6.82866pt too wide) in paragraph at lines 121--122
 [] 
 []

File: 1824.ps Graphic file (type eps)
<1824.ps>
Overfull \hbox (6.82866pt too wide) in paragraph at lines 129--130
 [] 
 []

File: 1832.ps Graphic file (type eps)
<1832.ps>
Overfull \hbox (6.82866pt too wide) in paragraph at lines 137--138
 [] 
 []

File: 1857.ps Graphic file (type eps)
<1857.ps>
Overfull \hbox (6.82866pt too wide) in paragraph at lines 145--146
 [] 
 []

File: 1909.ps Graphic file (type eps)
<1909.ps>
Overfull \hbox (6.82866pt too wide) in paragraph at lines 155--156
 [] 
 []

File: 1939.ps Graphic file (type eps)
<1939.ps>
Overfull \hbox (6.82866pt too wide) in paragraph at lines 163--164
 [] 
 []

File: 2124.ps Graphic file (type eps)
<2124.ps>
Overfull \hbox (6.82866pt too wide) in paragraph at lines 171--172
 [] 
 []

File: 2129.ps Graphic file (type eps)
<2129.ps>
Overfull \hbox (6.82866pt too wide) in paragraph at lines 179--180
 [] 
 []

File: 2145.ps Graphic file (type eps)
<2145.ps>
Overfull \hbox (6.82866pt too wide) in paragraph at lines 187--188
 [] 
 []

File: 2241.ps Graphic file (type eps)
<2241.ps>
Overfull \hbox (6.82866pt too wide) in paragraph at lines 195--196
 [] 
 []

) [149] [150] [151] [152] [153] [154] [155] [156] [157] [158] [159] [160]
[161] [162] [163] [164] [165] [166] [167] [168] [169] [170] [171] [172]
[173]
\openout2 = `chap/encl2.aux'.

 (./chap/encl2.tex [174



]
\hspace {0.25em plus 0.125em minus 0.08em}\ignorespaces B

Underfull \vbox (badness 10000) has occurred while \output is active []

 [175])
[176]
\openout2 = `chap/acknowledge.aux'.

 (./chap/acknowledge.tex) [177




]
\openout2 = `chap/originauth.aux'.

 (./chap/originauth.tex [178



]
*geometry* verbose mode - [ newgeometry ] result:
* driver: dvips
* paper: a4paper
* layout: <same size as paper>
* layoutoffset:(h,v)=(0.0pt,0.0pt)
* vratio: 1:1
* modes: twoside 
* h-part:(L,W,R)=(68.28659pt, 426.79134pt, 102.42995pt)
* v-part:(T,H,B)=(81.09035pt, 682.86613pt, 81.09036pt)
* \paperwidth=597.50787pt
* \paperheight=845.04684pt
* \textwidth=426.79134pt
* \textheight=682.86613pt
* \oddsidemargin=-3.9834pt
* \evensidemargin=30.15996pt
* \topmargin=-25.21199pt
* \headheight=14.15855pt
* \headsep=19.8738pt
* \topskip=12.0pt
* \footskip=30.0pt
* \marginparwidth=98.0pt
* \marginparsep=7.0pt
* \columnsep=10.0pt
* \skip\footins=10.8pt plus 4.0pt minus 2.0pt
* \hoffset=0.0pt
* \voffset=0.0pt
* \mag=1000
* \@twocolumnfalse
* \@twosidetrue
* \@mparswitchtrue
* \@reversemarginfalse
* (1in=72.27pt=25.4mm, 1cm=28.453pt)

 [179

])
Package atveryend Info: Empty hook `BeforeClearDocument' on input line 150.
Package atveryend Info: Empty hook `AfterLastShipout' on input line 150.

(./thesis.aux (./chap/copyright.aux) (./chap/abstract.aux)
(./chap/introduction.aux) (./chap/chap1.aux) (./chap/chap3.aux)
(./chap/chap2.aux) (./chap/conclusion.aux) (./chap/encl1.aux) (./chap/encl2.aux
) (./chap/acknowledge.aux) (./chap/originauth.aux))
Package atveryend Info: Empty hook `AtVeryEndDocument' on input line 150.
Package atveryend Info: Executing hook `AtEndAfterFileList' on input line 150.
Package rerunfilecheck Info: File `thesis.out' has not changed.
(rerunfilecheck)             Checksum: F949B60B8D6F91B607BC381834792777;6686.
Package logreq Info: Writing requests to 'thesis.run.xml'.
\openout1 = `thesis.run.xml'.

 ) 
Here is how much of TeX's memory you used:
 29909 strings out of 493110
 504330 string characters out of 6135037
 1602879 words of memory out of 5000000
 32633 multiletter control sequences out of 15000+600000
 168323 words of font info for 622 fonts, out of 8000000 for 9000
 1141 hyphenation exceptions out of 8191
 50i,18n,61p,10412b,2756s stack positions out of 5000i,500n,10000p,200000b,80000s

Output written on thesis.dvi (189 pages, 778556 bytes).
